{"C:\\Dev\\runbun\\rnb-calc-ultimate\\src\\js\\battle_planner.js": {"path":"C:\\Dev\\runbun\\rnb-calc-ultimate\\src\\js\\battle_planner.js","statementMap":{"0":{"start":{"line":11,"column":4},"end":{"line":15,"column":7}},"1":{"start":{"line":12,"column":16},"end":{"line":12,"column":38}},"2":{"start":{"line":13,"column":16},"end":{"line":13,"column":47}},"3":{"start":{"line":14,"column":8},"end":{"line":14,"column":30}},"4":{"start":{"line":22,"column":4},"end":{"line":22,"column":32}},"5":{"start":{"line":22,"column":14},"end":{"line":22,"column":32}},"6":{"start":{"line":23,"column":4},"end":{"line":36,"column":5}},"7":{"start":{"line":24,"column":18},"end":{"line":24,"column":27}},"8":{"start":{"line":26,"column":8},"end":{"line":28,"column":9}},"9":{"start":{"line":27,"column":12},"end":{"line":27,"column":32}},"10":{"start":{"line":30,"column":8},"end":{"line":32,"column":9}},"11":{"start":{"line":31,"column":12},"end":{"line":31,"column":30}},"12":{"start":{"line":33,"column":8},"end":{"line":33,"column":19}},"13":{"start":{"line":35,"column":8},"end":{"line":35,"column":26}},"14":{"start":{"line":43,"column":4},"end":{"line":43,"column":30}},"15":{"start":{"line":43,"column":18},"end":{"line":43,"column":30}},"16":{"start":{"line":45,"column":16},"end":{"line":47,"column":5}},"17":{"start":{"line":50,"column":4},"end":{"line":57,"column":5}},"18":{"start":{"line":51,"column":8},"end":{"line":51,"column":59}},"19":{"start":{"line":52,"column":8},"end":{"line":52,"column":61}},"20":{"start":{"line":53,"column":8},"end":{"line":53,"column":61}},"21":{"start":{"line":54,"column":8},"end":{"line":54,"column":61}},"22":{"start":{"line":55,"column":8},"end":{"line":55,"column":61}},"23":{"start":{"line":56,"column":8},"end":{"line":56,"column":61}},"24":{"start":{"line":60,"column":4},"end":{"line":67,"column":5}},"25":{"start":{"line":61,"column":8},"end":{"line":61,"column":63}},"26":{"start":{"line":62,"column":8},"end":{"line":62,"column":66}},"27":{"start":{"line":63,"column":8},"end":{"line":63,"column":66}},"28":{"start":{"line":64,"column":8},"end":{"line":64,"column":66}},"29":{"start":{"line":65,"column":8},"end":{"line":65,"column":66}},"30":{"start":{"line":66,"column":8},"end":{"line":66,"column":66}},"31":{"start":{"line":69,"column":4},"end":{"line":69,"column":17}},"32":{"start":{"line":76,"column":4},"end":{"line":76,"column":27}},"33":{"start":{"line":76,"column":18},"end":{"line":76,"column":27}},"34":{"start":{"line":79,"column":16},"end":{"line":79,"column":17}},"35":{"start":{"line":82,"column":4},"end":{"line":107,"column":5}},"36":{"start":{"line":83,"column":8},"end":{"line":83,"column":36}},"37":{"start":{"line":86,"column":9},"end":{"line":107,"column":5}},"38":{"start":{"line":87,"column":21},"end":{"line":87,"column":55}},"39":{"start":{"line":88,"column":20},"end":{"line":88,"column":40}},"40":{"start":{"line":89,"column":19},"end":{"line":89,"column":56}},"41":{"start":{"line":90,"column":19},"end":{"line":90,"column":55}},"42":{"start":{"line":93,"column":8},"end":{"line":97,"column":9}},"43":{"start":{"line":94,"column":12},"end":{"line":94,"column":22}},"44":{"start":{"line":96,"column":12},"end":{"line":96,"column":104}},"45":{"start":{"line":101,"column":8},"end":{"line":106,"column":22}},"46":{"start":{"line":102,"column":22},"end":{"line":102,"column":35}},"47":{"start":{"line":103,"column":12},"end":{"line":105,"column":13}},"48":{"start":{"line":104,"column":16},"end":{"line":104,"column":28}},"49":{"start":{"line":110,"column":4},"end":{"line":112,"column":5}},"50":{"start":{"line":111,"column":8},"end":{"line":111,"column":26}},"51":{"start":{"line":114,"column":4},"end":{"line":114,"column":30}},"52":{"start":{"line":121,"column":4},"end":{"line":121,"column":27}},"53":{"start":{"line":121,"column":18},"end":{"line":121,"column":27}},"54":{"start":{"line":123,"column":16},"end":{"line":123,"column":21}},"55":{"start":{"line":126,"column":4},"end":{"line":131,"column":18}},"56":{"start":{"line":127,"column":18},"end":{"line":127,"column":31}},"57":{"start":{"line":128,"column":8},"end":{"line":130,"column":9}},"58":{"start":{"line":129,"column":12},"end":{"line":129,"column":24}},"59":{"start":{"line":134,"column":4},"end":{"line":138,"column":5}},"60":{"start":{"line":135,"column":8},"end":{"line":137,"column":22}},"61":{"start":{"line":136,"column":12},"end":{"line":136,"column":46}},"62":{"start":{"line":140,"column":4},"end":{"line":140,"column":47}},"63":{"start":{"line":147,"column":4},"end":{"line":172,"column":5}},"64":{"start":{"line":148,"column":8},"end":{"line":148,"column":23}},"65":{"start":{"line":149,"column":8},"end":{"line":149,"column":26}},"66":{"start":{"line":150,"column":8},"end":{"line":150,"column":25}},"67":{"start":{"line":151,"column":8},"end":{"line":151,"column":27}},"68":{"start":{"line":152,"column":8},"end":{"line":152,"column":23}},"69":{"start":{"line":153,"column":8},"end":{"line":153,"column":29}},"70":{"start":{"line":154,"column":8},"end":{"line":154,"column":32}},"71":{"start":{"line":155,"column":8},"end":{"line":155,"column":30}},"72":{"start":{"line":156,"column":8},"end":{"line":156,"column":90}},"73":{"start":{"line":157,"column":8},"end":{"line":157,"column":26}},"74":{"start":{"line":158,"column":8},"end":{"line":158,"column":23}},"75":{"start":{"line":159,"column":8},"end":{"line":159,"column":25}},"76":{"start":{"line":160,"column":8},"end":{"line":160,"column":24}},"77":{"start":{"line":161,"column":8},"end":{"line":161,"column":35}},"78":{"start":{"line":162,"column":8},"end":{"line":162,"column":24}},"79":{"start":{"line":163,"column":8},"end":{"line":163,"column":29}},"80":{"start":{"line":164,"column":8},"end":{"line":164,"column":37}},"81":{"start":{"line":165,"column":8},"end":{"line":165,"column":71}},"82":{"start":{"line":166,"column":8},"end":{"line":166,"column":69}},"83":{"start":{"line":167,"column":8},"end":{"line":167,"column":75}},"84":{"start":{"line":168,"column":8},"end":{"line":168,"column":29}},"85":{"start":{"line":169,"column":8},"end":{"line":169,"column":32}},"86":{"start":{"line":170,"column":8},"end":{"line":170,"column":33}},"87":{"start":{"line":171,"column":8},"end":{"line":171,"column":15}},"88":{"start":{"line":175,"column":4},"end":{"line":175,"column":50}},"89":{"start":{"line":176,"column":4},"end":{"line":176,"column":98}},"90":{"start":{"line":177,"column":4},"end":{"line":177,"column":53}},"91":{"start":{"line":180,"column":4},"end":{"line":180,"column":39}},"92":{"start":{"line":181,"column":4},"end":{"line":181,"column":55}},"93":{"start":{"line":182,"column":4},"end":{"line":182,"column":92}},"94":{"start":{"line":185,"column":20},"end":{"line":185,"column":55}},"95":{"start":{"line":186,"column":4},"end":{"line":186,"column":76}},"96":{"start":{"line":187,"column":4},"end":{"line":187,"column":65}},"97":{"start":{"line":190,"column":20},"end":{"line":190,"column":55}},"98":{"start":{"line":191,"column":4},"end":{"line":199,"column":6}},"99":{"start":{"line":202,"column":4},"end":{"line":202,"column":56}},"100":{"start":{"line":203,"column":4},"end":{"line":203,"column":50}},"101":{"start":{"line":204,"column":4},"end":{"line":204,"column":59}},"102":{"start":{"line":207,"column":4},"end":{"line":207,"column":20}},"103":{"start":{"line":208,"column":4},"end":{"line":212,"column":5}},"104":{"start":{"line":209,"column":8},"end":{"line":209,"column":79}},"105":{"start":{"line":210,"column":11},"end":{"line":212,"column":5}},"106":{"start":{"line":211,"column":8},"end":{"line":211,"column":51}},"107":{"start":{"line":215,"column":4},"end":{"line":215,"column":60}},"108":{"start":{"line":216,"column":4},"end":{"line":216,"column":43}},"109":{"start":{"line":219,"column":4},"end":{"line":219,"column":20}},"110":{"start":{"line":220,"column":19},"end":{"line":220,"column":53}},"111":{"start":{"line":221,"column":4},"end":{"line":228,"column":5}},"112":{"start":{"line":221,"column":17},"end":{"line":221,"column":18}},"113":{"start":{"line":222,"column":19},"end":{"line":222,"column":30}},"114":{"start":{"line":223,"column":8},"end":{"line":227,"column":9}},"115":{"start":{"line":224,"column":12},"end":{"line":224,"column":34}},"116":{"start":{"line":225,"column":15},"end":{"line":227,"column":9}},"117":{"start":{"line":226,"column":12},"end":{"line":226,"column":39}},"118":{"start":{"line":231,"column":4},"end":{"line":231,"column":17}},"119":{"start":{"line":232,"column":4},"end":{"line":234,"column":5}},"120":{"start":{"line":232,"column":17},"end":{"line":232,"column":18}},"121":{"start":{"line":233,"column":8},"end":{"line":233,"column":25}},"122":{"start":{"line":237,"column":4},"end":{"line":237,"column":108}},"123":{"start":{"line":238,"column":4},"end":{"line":238,"column":31}},"124":{"start":{"line":241,"column":4},"end":{"line":241,"column":65}},"125":{"start":{"line":242,"column":4},"end":{"line":242,"column":71}},"126":{"start":{"line":243,"column":4},"end":{"line":247,"column":5}},"127":{"start":{"line":244,"column":8},"end":{"line":246,"column":9}},"128":{"start":{"line":245,"column":12},"end":{"line":245,"column":64}},"129":{"start":{"line":248,"column":4},"end":{"line":252,"column":5}},"130":{"start":{"line":249,"column":8},"end":{"line":251,"column":9}},"131":{"start":{"line":250,"column":12},"end":{"line":250,"column":65}},"132":{"start":{"line":255,"column":4},"end":{"line":255,"column":25}},"133":{"start":{"line":256,"column":4},"end":{"line":256,"column":42}},"134":{"start":{"line":259,"column":4},"end":{"line":259,"column":32}},"135":{"start":{"line":262,"column":0},"end":{"line":273,"column":2}},"136":{"start":{"line":263,"column":14},"end":{"line":271,"column":5}},"137":{"start":{"line":272,"column":4},"end":{"line":272,"column":42}},"138":{"start":{"line":275,"column":0},"end":{"line":286,"column":2}},"139":{"start":{"line":276,"column":14},"end":{"line":284,"column":5}},"140":{"start":{"line":285,"column":4},"end":{"line":285,"column":27}},"141":{"start":{"line":288,"column":0},"end":{"line":314,"column":2}},"142":{"start":{"line":289,"column":16},"end":{"line":289,"column":41}},"143":{"start":{"line":290,"column":4},"end":{"line":290,"column":27}},"144":{"start":{"line":291,"column":4},"end":{"line":291,"column":33}},"145":{"start":{"line":292,"column":4},"end":{"line":292,"column":29}},"146":{"start":{"line":293,"column":4},"end":{"line":293,"column":37}},"147":{"start":{"line":294,"column":4},"end":{"line":294,"column":29}},"148":{"start":{"line":295,"column":4},"end":{"line":295,"column":37}},"149":{"start":{"line":296,"column":4},"end":{"line":296,"column":31}},"150":{"start":{"line":297,"column":4},"end":{"line":297,"column":43}},"151":{"start":{"line":298,"column":4},"end":{"line":298,"column":50}},"152":{"start":{"line":299,"column":4},"end":{"line":299,"column":33}},"153":{"start":{"line":300,"column":4},"end":{"line":300,"column":27}},"154":{"start":{"line":301,"column":4},"end":{"line":301,"column":31}},"155":{"start":{"line":302,"column":4},"end":{"line":302,"column":37}},"156":{"start":{"line":303,"column":4},"end":{"line":303,"column":31}},"157":{"start":{"line":304,"column":4},"end":{"line":304,"column":37}},"158":{"start":{"line":305,"column":4},"end":{"line":305,"column":35}},"159":{"start":{"line":306,"column":4},"end":{"line":306,"column":49}},"160":{"start":{"line":307,"column":4},"end":{"line":307,"column":48}},"161":{"start":{"line":308,"column":4},"end":{"line":308,"column":44}},"162":{"start":{"line":309,"column":4},"end":{"line":309,"column":44}},"163":{"start":{"line":310,"column":4},"end":{"line":310,"column":35}},"164":{"start":{"line":311,"column":4},"end":{"line":311,"column":39}},"165":{"start":{"line":312,"column":4},"end":{"line":312,"column":43}},"166":{"start":{"line":313,"column":4},"end":{"line":313,"column":17}},"167":{"start":{"line":316,"column":0},"end":{"line":321,"column":2}},"168":{"start":{"line":317,"column":4},"end":{"line":317,"column":70}},"169":{"start":{"line":318,"column":4},"end":{"line":318,"column":90}},"170":{"start":{"line":319,"column":4},"end":{"line":319,"column":42}},"171":{"start":{"line":320,"column":4},"end":{"line":320,"column":16}},"172":{"start":{"line":323,"column":0},"end":{"line":327,"column":2}},"173":{"start":{"line":324,"column":4},"end":{"line":324,"column":79}},"174":{"start":{"line":325,"column":4},"end":{"line":325,"column":92}},"175":{"start":{"line":326,"column":4},"end":{"line":326,"column":16}},"176":{"start":{"line":329,"column":0},"end":{"line":334,"column":2}},"177":{"start":{"line":330,"column":4},"end":{"line":332,"column":5}},"178":{"start":{"line":331,"column":8},"end":{"line":331,"column":82}},"179":{"start":{"line":333,"column":4},"end":{"line":333,"column":16}},"180":{"start":{"line":336,"column":0},"end":{"line":340,"column":2}},"181":{"start":{"line":337,"column":4},"end":{"line":337,"column":38}},"182":{"start":{"line":338,"column":4},"end":{"line":338,"column":78}},"183":{"start":{"line":339,"column":4},"end":{"line":339,"column":16}},"184":{"start":{"line":342,"column":0},"end":{"line":347,"column":2}},"185":{"start":{"line":343,"column":4},"end":{"line":345,"column":5}},"186":{"start":{"line":344,"column":8},"end":{"line":344,"column":29}},"187":{"start":{"line":346,"column":4},"end":{"line":346,"column":16}},"188":{"start":{"line":352,"column":0},"end":{"line":382,"column":2}},"189":{"start":{"line":353,"column":18},"end":{"line":353,"column":39}},"190":{"start":{"line":354,"column":16},"end":{"line":354,"column":36}},"191":{"start":{"line":357,"column":21},"end":{"line":357,"column":22}},"192":{"start":{"line":358,"column":4},"end":{"line":362,"column":5}},"193":{"start":{"line":359,"column":8},"end":{"line":359,"column":37}},"194":{"start":{"line":360,"column":11},"end":{"line":362,"column":5}},"195":{"start":{"line":361,"column":8},"end":{"line":361,"column":37}},"196":{"start":{"line":364,"column":16},"end":{"line":364,"column":48}},"197":{"start":{"line":367,"column":4},"end":{"line":369,"column":5}},"198":{"start":{"line":368,"column":8},"end":{"line":368,"column":40}},"199":{"start":{"line":372,"column":4},"end":{"line":374,"column":5}},"200":{"start":{"line":373,"column":8},"end":{"line":373,"column":40}},"201":{"start":{"line":377,"column":4},"end":{"line":379,"column":5}},"202":{"start":{"line":378,"column":8},"end":{"line":378,"column":26}},"203":{"start":{"line":381,"column":4},"end":{"line":381,"column":17}},"204":{"start":{"line":387,"column":0},"end":{"line":397,"column":2}},"205":{"start":{"line":388,"column":16},"end":{"line":388,"column":18}},"206":{"start":{"line":389,"column":20},"end":{"line":389,"column":82}},"207":{"start":{"line":390,"column":4},"end":{"line":395,"column":5}},"208":{"start":{"line":391,"column":8},"end":{"line":394,"column":9}},"209":{"start":{"line":392,"column":22},"end":{"line":392,"column":39}},"210":{"start":{"line":393,"column":12},"end":{"line":393,"column":75}},"211":{"start":{"line":396,"column":4},"end":{"line":396,"column":61}},"212":{"start":{"line":403,"column":4},"end":{"line":403,"column":24}},"213":{"start":{"line":404,"column":4},"end":{"line":408,"column":6}},"214":{"start":{"line":409,"column":4},"end":{"line":413,"column":6}},"215":{"start":{"line":414,"column":4},"end":{"line":425,"column":6}},"216":{"start":{"line":426,"column":4},"end":{"line":459,"column":6}},"217":{"start":{"line":462,"column":0},"end":{"line":486,"column":2}},"218":{"start":{"line":463,"column":16},"end":{"line":463,"column":41}},"219":{"start":{"line":464,"column":4},"end":{"line":464,"column":39}},"220":{"start":{"line":467,"column":4},"end":{"line":467,"column":69}},"221":{"start":{"line":468,"column":4},"end":{"line":468,"column":72}},"222":{"start":{"line":468,"column":51},"end":{"line":468,"column":68}},"223":{"start":{"line":469,"column":4},"end":{"line":469,"column":41}},"224":{"start":{"line":472,"column":4},"end":{"line":472,"column":69}},"225":{"start":{"line":473,"column":4},"end":{"line":473,"column":72}},"226":{"start":{"line":473,"column":51},"end":{"line":473,"column":68}},"227":{"start":{"line":474,"column":4},"end":{"line":474,"column":41}},"228":{"start":{"line":477,"column":4},"end":{"line":477,"column":48}},"229":{"start":{"line":480,"column":4},"end":{"line":483,"column":6}},"230":{"start":{"line":485,"column":4},"end":{"line":485,"column":17}},"231":{"start":{"line":491,"column":0},"end":{"line":507,"column":2}},"232":{"start":{"line":492,"column":18},"end":{"line":492,"column":86}},"233":{"start":{"line":493,"column":18},"end":{"line":493,"column":86}},"234":{"start":{"line":496,"column":20},"end":{"line":496,"column":40}},"235":{"start":{"line":498,"column":4},"end":{"line":506,"column":6}},"236":{"start":{"line":509,"column":0},"end":{"line":530,"column":2}},"237":{"start":{"line":510,"column":17},"end":{"line":510,"column":60}},"238":{"start":{"line":511,"column":17},"end":{"line":511,"column":60}},"239":{"start":{"line":513,"column":4},"end":{"line":515,"column":5}},"240":{"start":{"line":514,"column":8},"end":{"line":514,"column":45}},"241":{"start":{"line":517,"column":4},"end":{"line":529,"column":5}},"242":{"start":{"line":518,"column":8},"end":{"line":522,"column":9}},"243":{"start":{"line":519,"column":12},"end":{"line":519,"column":106}},"244":{"start":{"line":521,"column":12},"end":{"line":521,"column":106}},"245":{"start":{"line":524,"column":8},"end":{"line":528,"column":9}},"246":{"start":{"line":525,"column":12},"end":{"line":525,"column":78}},"247":{"start":{"line":527,"column":12},"end":{"line":527,"column":78}},"248":{"start":{"line":536,"column":4},"end":{"line":536,"column":21}},"249":{"start":{"line":537,"column":4},"end":{"line":537,"column":27}},"250":{"start":{"line":540,"column":4},"end":{"line":540,"column":40}},"251":{"start":{"line":541,"column":4},"end":{"line":541,"column":41}},"252":{"start":{"line":542,"column":4},"end":{"line":542,"column":43}},"253":{"start":{"line":545,"column":4},"end":{"line":545,"column":42}},"254":{"start":{"line":546,"column":4},"end":{"line":546,"column":49}},"255":{"start":{"line":549,"column":4},"end":{"line":549,"column":40}},"256":{"start":{"line":552,"column":0},"end":{"line":565,"column":2}},"257":{"start":{"line":553,"column":4},"end":{"line":564,"column":5}},"258":{"start":{"line":555,"column":12},"end":{"line":555,"column":45}},"259":{"start":{"line":557,"column":12},"end":{"line":557,"column":56}},"260":{"start":{"line":559,"column":12},"end":{"line":559,"column":54}},"261":{"start":{"line":561,"column":12},"end":{"line":561,"column":26}},"262":{"start":{"line":563,"column":12},"end":{"line":563,"column":29}},"263":{"start":{"line":571,"column":4},"end":{"line":571,"column":47}},"264":{"start":{"line":572,"column":4},"end":{"line":572,"column":42}},"265":{"start":{"line":573,"column":4},"end":{"line":573,"column":40}},"266":{"start":{"line":574,"column":4},"end":{"line":574,"column":27}},"267":{"start":{"line":575,"column":4},"end":{"line":575,"column":33}},"268":{"start":{"line":578,"column":4},"end":{"line":578,"column":51}},"269":{"start":{"line":579,"column":4},"end":{"line":579,"column":51}},"270":{"start":{"line":580,"column":4},"end":{"line":580,"column":59}},"271":{"start":{"line":581,"column":4},"end":{"line":581,"column":57}},"272":{"start":{"line":582,"column":4},"end":{"line":582,"column":68}},"273":{"start":{"line":585,"column":0},"end":{"line":593,"column":2}},"274":{"start":{"line":586,"column":17},"end":{"line":586,"column":19}},"275":{"start":{"line":587,"column":4},"end":{"line":587,"column":41}},"276":{"start":{"line":587,"column":21},"end":{"line":587,"column":41}},"277":{"start":{"line":588,"column":4},"end":{"line":588,"column":41}},"278":{"start":{"line":588,"column":21},"end":{"line":588,"column":41}},"279":{"start":{"line":589,"column":4},"end":{"line":589,"column":44}},"280":{"start":{"line":589,"column":25},"end":{"line":589,"column":44}},"281":{"start":{"line":590,"column":4},"end":{"line":590,"column":43}},"282":{"start":{"line":590,"column":24},"end":{"line":590,"column":43}},"283":{"start":{"line":591,"column":4},"end":{"line":591,"column":55}},"284":{"start":{"line":591,"column":33},"end":{"line":591,"column":55}},"285":{"start":{"line":592,"column":4},"end":{"line":592,"column":60}},"286":{"start":{"line":599,"column":4},"end":{"line":599,"column":29}},"287":{"start":{"line":600,"column":4},"end":{"line":600,"column":37}},"288":{"start":{"line":601,"column":4},"end":{"line":601,"column":23}},"289":{"start":{"line":604,"column":4},"end":{"line":604,"column":52}},"290":{"start":{"line":607,"column":4},"end":{"line":610,"column":6}},"291":{"start":{"line":613,"column":4},"end":{"line":613,"column":50}},"292":{"start":{"line":616,"column":4},"end":{"line":616,"column":20}},"293":{"start":{"line":617,"column":4},"end":{"line":617,"column":20}},"294":{"start":{"line":618,"column":4},"end":{"line":618,"column":29}},"295":{"start":{"line":619,"column":4},"end":{"line":619,"column":28}},"296":{"start":{"line":620,"column":4},"end":{"line":620,"column":29}},"297":{"start":{"line":621,"column":4},"end":{"line":621,"column":46}},"298":{"start":{"line":624,"column":0},"end":{"line":626,"column":2}},"299":{"start":{"line":625,"column":4},"end":{"line":625,"column":39}},"300":{"start":{"line":628,"column":0},"end":{"line":642,"column":2}},"301":{"start":{"line":629,"column":16},"end":{"line":629,"column":37}},"302":{"start":{"line":631,"column":4},"end":{"line":633,"column":5}},"303":{"start":{"line":632,"column":8},"end":{"line":632,"column":45}},"304":{"start":{"line":634,"column":4},"end":{"line":636,"column":5}},"305":{"start":{"line":635,"column":8},"end":{"line":635,"column":53}},"306":{"start":{"line":637,"column":4},"end":{"line":639,"column":5}},"307":{"start":{"line":638,"column":8},"end":{"line":638,"column":56}},"308":{"start":{"line":641,"column":4},"end":{"line":641,"column":28}},"309":{"start":{"line":644,"column":0},"end":{"line":646,"column":2}},"310":{"start":{"line":645,"column":4},"end":{"line":645,"column":36}},"311":{"start":{"line":652,"column":4},"end":{"line":652,"column":20}},"312":{"start":{"line":653,"column":4},"end":{"line":653,"column":23}},"313":{"start":{"line":654,"column":4},"end":{"line":654,"column":30}},"314":{"start":{"line":655,"column":4},"end":{"line":655,"column":24}},"315":{"start":{"line":656,"column":4},"end":{"line":656,"column":24}},"316":{"start":{"line":659,"column":4},"end":{"line":659,"column":28}},"317":{"start":{"line":660,"column":4},"end":{"line":660,"column":30}},"318":{"start":{"line":661,"column":4},"end":{"line":661,"column":37}},"319":{"start":{"line":662,"column":4},"end":{"line":662,"column":30}},"320":{"start":{"line":665,"column":0},"end":{"line":679,"column":2}},"321":{"start":{"line":666,"column":19},"end":{"line":666,"column":65}},"322":{"start":{"line":667,"column":4},"end":{"line":667,"column":36}},"323":{"start":{"line":669,"column":4},"end":{"line":669,"column":20}},"324":{"start":{"line":670,"column":4},"end":{"line":670,"column":39}},"325":{"start":{"line":671,"column":4},"end":{"line":671,"column":30}},"326":{"start":{"line":672,"column":4},"end":{"line":672,"column":33}},"327":{"start":{"line":673,"column":4},"end":{"line":673,"column":37}},"328":{"start":{"line":674,"column":4},"end":{"line":674,"column":24}},"329":{"start":{"line":675,"column":4},"end":{"line":675,"column":24}},"330":{"start":{"line":677,"column":4},"end":{"line":677,"column":37}},"331":{"start":{"line":678,"column":4},"end":{"line":678,"column":20}},"332":{"start":{"line":681,"column":0},"end":{"line":683,"column":2}},"333":{"start":{"line":682,"column":4},"end":{"line":682,"column":38}},"334":{"start":{"line":685,"column":0},"end":{"line":687,"column":2}},"335":{"start":{"line":686,"column":4},"end":{"line":686,"column":44}},"336":{"start":{"line":689,"column":0},"end":{"line":691,"column":2}},"337":{"start":{"line":690,"column":4},"end":{"line":690,"column":37}},"338":{"start":{"line":694,"column":0},"end":{"line":694,"column":34}},"339":{"start":{"line":696,"column":0},"end":{"line":723,"column":2}},"340":{"start":{"line":697,"column":19},"end":{"line":697,"column":65}},"341":{"start":{"line":698,"column":4},"end":{"line":698,"column":45}},"342":{"start":{"line":700,"column":4},"end":{"line":700,"column":39}},"343":{"start":{"line":703,"column":4},"end":{"line":705,"column":5}},"344":{"start":{"line":704,"column":8},"end":{"line":704,"column":26}},"345":{"start":{"line":708,"column":4},"end":{"line":710,"column":5}},"346":{"start":{"line":709,"column":8},"end":{"line":709,"column":39}},"347":{"start":{"line":713,"column":4},"end":{"line":715,"column":5}},"348":{"start":{"line":714,"column":8},"end":{"line":714,"column":39}},"349":{"start":{"line":718,"column":4},"end":{"line":718,"column":30}},"350":{"start":{"line":719,"column":4},"end":{"line":719,"column":37}},"351":{"start":{"line":721,"column":4},"end":{"line":721,"column":37}},"352":{"start":{"line":722,"column":4},"end":{"line":722,"column":20}},"353":{"start":{"line":725,"column":0},"end":{"line":742,"column":2}},"354":{"start":{"line":726,"column":15},"end":{"line":726,"column":19}},"355":{"start":{"line":727,"column":16},"end":{"line":727,"column":18}},"356":{"start":{"line":729,"column":4},"end":{"line":734,"column":5}},"357":{"start":{"line":730,"column":8},"end":{"line":732,"column":9}},"358":{"start":{"line":731,"column":12},"end":{"line":731,"column":47}},"359":{"start":{"line":733,"column":8},"end":{"line":733,"column":18}},"360":{"start":{"line":736,"column":4},"end":{"line":739,"column":7}},"361":{"start":{"line":737,"column":19},"end":{"line":737,"column":35}},"362":{"start":{"line":738,"column":8},"end":{"line":738,"column":35}},"363":{"start":{"line":738,"column":18},"end":{"line":738,"column":35}},"364":{"start":{"line":741,"column":4},"end":{"line":741,"column":17}},"365":{"start":{"line":744,"column":0},"end":{"line":752,"column":2}},"366":{"start":{"line":745,"column":4},"end":{"line":750,"column":5}},"367":{"start":{"line":746,"column":25},"end":{"line":746,"column":43}},"368":{"start":{"line":747,"column":8},"end":{"line":747,"column":36}},"369":{"start":{"line":748,"column":8},"end":{"line":748,"column":95}},"370":{"start":{"line":749,"column":8},"end":{"line":749,"column":20}},"371":{"start":{"line":751,"column":4},"end":{"line":751,"column":17}},"372":{"start":{"line":754,"column":0},"end":{"line":777,"column":2}},"373":{"start":{"line":755,"column":21},"end":{"line":755,"column":47}},"374":{"start":{"line":756,"column":4},"end":{"line":759,"column":5}},"375":{"start":{"line":757,"column":8},"end":{"line":757,"column":62}},"376":{"start":{"line":758,"column":8},"end":{"line":758,"column":20}},"377":{"start":{"line":761,"column":18},"end":{"line":761,"column":74}},"378":{"start":{"line":763,"column":4},"end":{"line":763,"column":37}},"379":{"start":{"line":764,"column":4},"end":{"line":764,"column":41}},"380":{"start":{"line":766,"column":4},"end":{"line":770,"column":7}},"381":{"start":{"line":771,"column":4},"end":{"line":771,"column":24}},"382":{"start":{"line":773,"column":4},"end":{"line":773,"column":78}},"383":{"start":{"line":774,"column":4},"end":{"line":774,"column":37}},"384":{"start":{"line":776,"column":4},"end":{"line":776,"column":19}},"385":{"start":{"line":779,"column":0},"end":{"line":809,"column":2}},"386":{"start":{"line":780,"column":15},"end":{"line":780,"column":35}},"387":{"start":{"line":781,"column":4},"end":{"line":783,"column":5}},"388":{"start":{"line":782,"column":8},"end":{"line":782,"column":21}},"389":{"start":{"line":785,"column":19},"end":{"line":785,"column":47}},"390":{"start":{"line":786,"column":4},"end":{"line":786,"column":26}},"391":{"start":{"line":788,"column":21},"end":{"line":788,"column":48}},"392":{"start":{"line":789,"column":4},"end":{"line":794,"column":5}},"393":{"start":{"line":790,"column":18},"end":{"line":790,"column":53}},"394":{"start":{"line":791,"column":8},"end":{"line":793,"column":9}},"395":{"start":{"line":792,"column":12},"end":{"line":792,"column":47}},"396":{"start":{"line":796,"column":15},"end":{"line":796,"column":19}},"397":{"start":{"line":797,"column":4},"end":{"line":799,"column":7}},"398":{"start":{"line":798,"column":8},"end":{"line":798,"column":30}},"399":{"start":{"line":801,"column":4},"end":{"line":803,"column":5}},"400":{"start":{"line":802,"column":8},"end":{"line":802,"column":58}},"401":{"start":{"line":805,"column":4},"end":{"line":805,"column":79}},"402":{"start":{"line":806,"column":4},"end":{"line":806,"column":37}},"403":{"start":{"line":808,"column":4},"end":{"line":808,"column":16}},"404":{"start":{"line":811,"column":0},"end":{"line":823,"column":2}},"405":{"start":{"line":812,"column":17},"end":{"line":812,"column":19}},"406":{"start":{"line":813,"column":15},"end":{"line":813,"column":35}},"407":{"start":{"line":814,"column":4},"end":{"line":814,"column":29}},"408":{"start":{"line":814,"column":15},"end":{"line":814,"column":29}},"409":{"start":{"line":816,"column":15},"end":{"line":816,"column":19}},"410":{"start":{"line":817,"column":4},"end":{"line":820,"column":7}},"411":{"start":{"line":818,"column":8},"end":{"line":818,"column":29}},"412":{"start":{"line":819,"column":8},"end":{"line":819,"column":62}},"413":{"start":{"line":822,"column":4},"end":{"line":822,"column":18}},"414":{"start":{"line":825,"column":0},"end":{"line":836,"column":2}},"415":{"start":{"line":826,"column":15},"end":{"line":826,"column":17}},"416":{"start":{"line":827,"column":20},"end":{"line":827,"column":26}},"417":{"start":{"line":829,"column":4},"end":{"line":833,"column":5}},"418":{"start":{"line":830,"column":8},"end":{"line":830,"column":32}},"419":{"start":{"line":831,"column":19},"end":{"line":831,"column":42}},"420":{"start":{"line":832,"column":8},"end":{"line":832,"column":48}},"421":{"start":{"line":835,"column":4},"end":{"line":835,"column":16}},"422":{"start":{"line":838,"column":0},"end":{"line":845,"column":2}},"423":{"start":{"line":839,"column":15},"end":{"line":839,"column":19}},"424":{"start":{"line":840,"column":4},"end":{"line":844,"column":7}},"425":{"start":{"line":841,"column":8},"end":{"line":841,"column":52}},"426":{"start":{"line":843,"column":8},"end":{"line":843,"column":30}},"427":{"start":{"line":847,"column":0},"end":{"line":849,"column":2}},"428":{"start":{"line":848,"column":4},"end":{"line":848,"column":49}},"429":{"start":{"line":851,"column":0},"end":{"line":858,"column":2}},"430":{"start":{"line":852,"column":4},"end":{"line":857,"column":16}},"431":{"start":{"line":860,"column":0},"end":{"line":898,"column":2}},"432":{"start":{"line":861,"column":4},"end":{"line":897,"column":5}},"433":{"start":{"line":862,"column":19},"end":{"line":862,"column":38}},"434":{"start":{"line":863,"column":8},"end":{"line":865,"column":9}},"435":{"start":{"line":864,"column":12},"end":{"line":864,"column":71}},"436":{"start":{"line":867,"column":8},"end":{"line":867,"column":34}},"437":{"start":{"line":868,"column":8},"end":{"line":868,"column":48}},"438":{"start":{"line":869,"column":8},"end":{"line":869,"column":24}},"439":{"start":{"line":871,"column":19},"end":{"line":871,"column":23}},"440":{"start":{"line":872,"column":8},"end":{"line":887,"column":11}},"441":{"start":{"line":873,"column":27},"end":{"line":873,"column":41}},"442":{"start":{"line":874,"column":23},"end":{"line":874,"column":64}},"443":{"start":{"line":876,"column":12},"end":{"line":884,"column":13}},"444":{"start":{"line":877,"column":16},"end":{"line":877,"column":86}},"445":{"start":{"line":878,"column":16},"end":{"line":880,"column":17}},"446":{"start":{"line":879,"column":20},"end":{"line":879,"column":106}},"447":{"start":{"line":881,"column":16},"end":{"line":883,"column":17}},"448":{"start":{"line":882,"column":20},"end":{"line":882,"column":106}},"449":{"start":{"line":886,"column":12},"end":{"line":886,"column":34}},"450":{"start":{"line":889,"column":8},"end":{"line":889,"column":28}},"451":{"start":{"line":890,"column":8},"end":{"line":890,"column":28}},"452":{"start":{"line":892,"column":8},"end":{"line":892,"column":41}},"453":{"start":{"line":893,"column":8},"end":{"line":893,"column":20}},"454":{"start":{"line":895,"column":8},"end":{"line":895,"column":63}},"455":{"start":{"line":896,"column":8},"end":{"line":896,"column":21}},"456":{"start":{"line":900,"column":0},"end":{"line":908,"column":2}},"457":{"start":{"line":901,"column":4},"end":{"line":907,"column":5}},"458":{"start":{"line":902,"column":8},"end":{"line":906,"column":9}},"459":{"start":{"line":903,"column":12},"end":{"line":903,"column":34}},"460":{"start":{"line":905,"column":12},"end":{"line":905,"column":64}},"461":{"start":{"line":910,"column":0},"end":{"line":923,"column":2}},"462":{"start":{"line":911,"column":15},"end":{"line":911,"column":41}},"463":{"start":{"line":912,"column":22},"end":{"line":912,"column":25}},"464":{"start":{"line":914,"column":15},"end":{"line":914,"column":19}},"465":{"start":{"line":915,"column":4},"end":{"line":920,"column":7}},"466":{"start":{"line":916,"column":19},"end":{"line":916,"column":35}},"467":{"start":{"line":917,"column":8},"end":{"line":919,"column":9}},"468":{"start":{"line":918,"column":12},"end":{"line":918,"column":52}},"469":{"start":{"line":922,"column":4},"end":{"line":922,"column":23}},"470":{"start":{"line":925,"column":0},"end":{"line":964,"column":2}},"471":{"start":{"line":926,"column":17},"end":{"line":926,"column":36}},"472":{"start":{"line":927,"column":4},"end":{"line":927,"column":41}},"473":{"start":{"line":927,"column":29},"end":{"line":927,"column":41}},"474":{"start":{"line":930,"column":4},"end":{"line":933,"column":13}},"475":{"start":{"line":931,"column":8},"end":{"line":931,"column":42}},"476":{"start":{"line":932,"column":8},"end":{"line":932,"column":43}},"477":{"start":{"line":935,"column":15},"end":{"line":935,"column":19}},"478":{"start":{"line":936,"column":19},"end":{"line":948,"column":6}},"479":{"start":{"line":937,"column":19},"end":{"line":937,"column":76}},"480":{"start":{"line":938,"column":19},"end":{"line":938,"column":76}},"481":{"start":{"line":939,"column":24},"end":{"line":939,"column":35}},"482":{"start":{"line":941,"column":8},"end":{"line":947,"column":10}},"483":{"start":{"line":950,"column":4},"end":{"line":950,"column":72}},"484":{"start":{"line":950,"column":35},"end":{"line":950,"column":68}},"485":{"start":{"line":952,"column":4},"end":{"line":957,"column":5}},"486":{"start":{"line":953,"column":23},"end":{"line":953,"column":55}},"487":{"start":{"line":954,"column":24},"end":{"line":954,"column":74}},"488":{"start":{"line":955,"column":8},"end":{"line":955,"column":49}},"489":{"start":{"line":955,"column":22},"end":{"line":955,"column":49}},"490":{"start":{"line":956,"column":8},"end":{"line":956,"column":78}},"491":{"start":{"line":956,"column":49},"end":{"line":956,"column":78}},"492":{"start":{"line":959,"column":4},"end":{"line":963,"column":6}},"493":{"start":{"line":967,"column":0},"end":{"line":979,"column":2}}},"fnMap":{"0":{"name":"generateUUID","decl":{"start":{"line":10,"column":9},"end":{"line":10,"column":21}},"loc":{"start":{"line":10,"column":24},"end":{"line":16,"column":1}},"line":10},"1":{"name":"(anonymous_1)","decl":{"start":{"line":11,"column":67},"end":{"line":11,"column":68}},"loc":{"start":{"line":11,"column":79},"end":{"line":15,"column":5}},"line":11},"2":{"name":"safeGetValue","decl":{"start":{"line":21,"column":9},"end":{"line":21,"column":21}},"loc":{"start":{"line":21,"column":45},"end":{"line":37,"column":1}},"line":21},"3":{"name":"extractPokemonStats","decl":{"start":{"line":42,"column":9},"end":{"line":42,"column":28}},"loc":{"start":{"line":42,"column":38},"end":{"line":70,"column":1}},"line":42},"4":{"name":"extractMaxHP","decl":{"start":{"line":75,"column":9},"end":{"line":75,"column":21}},"loc":{"start":{"line":75,"column":31},"end":{"line":115,"column":1}},"line":75},"5":{"name":"extractCurHP","decl":{"start":{"line":120,"column":9},"end":{"line":120,"column":21}},"loc":{"start":{"line":120,"column":38},"end":{"line":141,"column":1}},"line":120},"6":{"name":"PokemonSnapshot","decl":{"start":{"line":146,"column":9},"end":{"line":146,"column":24}},"loc":{"start":{"line":146,"column":34},"end":{"line":260,"column":1}},"line":146},"7":{"name":"(anonymous_7)","decl":{"start":{"line":262,"column":46},"end":{"line":262,"column":47}},"loc":{"start":{"line":262,"column":61},"end":{"line":273,"column":1}},"line":262},"8":{"name":"(anonymous_8)","decl":{"start":{"line":275,"column":46},"end":{"line":275,"column":47}},"loc":{"start":{"line":275,"column":61},"end":{"line":286,"column":1}},"line":275},"9":{"name":"(anonymous_9)","decl":{"start":{"line":288,"column":34},"end":{"line":288,"column":35}},"loc":{"start":{"line":288,"column":45},"end":{"line":314,"column":1}},"line":288},"10":{"name":"(anonymous_10)","decl":{"start":{"line":316,"column":40},"end":{"line":316,"column":41}},"loc":{"start":{"line":316,"column":57},"end":{"line":321,"column":1}},"line":316},"11":{"name":"(anonymous_11)","decl":{"start":{"line":323,"column":41},"end":{"line":323,"column":42}},"loc":{"start":{"line":323,"column":58},"end":{"line":327,"column":1}},"line":323},"12":{"name":"(anonymous_12)","decl":{"start":{"line":329,"column":39},"end":{"line":329,"column":40}},"loc":{"start":{"line":329,"column":62},"end":{"line":334,"column":1}},"line":329},"13":{"name":"(anonymous_13)","decl":{"start":{"line":336,"column":38},"end":{"line":336,"column":39}},"loc":{"start":{"line":336,"column":69},"end":{"line":340,"column":1}},"line":336},"14":{"name":"(anonymous_14)","decl":{"start":{"line":342,"column":34},"end":{"line":342,"column":35}},"loc":{"start":{"line":342,"column":54},"end":{"line":347,"column":1}},"line":342},"15":{"name":"(anonymous_15)","decl":{"start":{"line":352,"column":46},"end":{"line":352,"column":47}},"loc":{"start":{"line":352,"column":62},"end":{"line":382,"column":1}},"line":352},"16":{"name":"(anonymous_16)","decl":{"start":{"line":387,"column":44},"end":{"line":387,"column":45}},"loc":{"start":{"line":387,"column":55},"end":{"line":397,"column":1}},"line":387},"17":{"name":"BattleStateSnapshot","decl":{"start":{"line":402,"column":9},"end":{"line":402,"column":28}},"loc":{"start":{"line":402,"column":31},"end":{"line":460,"column":1}},"line":402},"18":{"name":"(anonymous_18)","decl":{"start":{"line":462,"column":38},"end":{"line":462,"column":39}},"loc":{"start":{"line":462,"column":49},"end":{"line":486,"column":1}},"line":462},"19":{"name":"(anonymous_19)","decl":{"start":{"line":468,"column":37},"end":{"line":468,"column":38}},"loc":{"start":{"line":468,"column":49},"end":{"line":468,"column":70}},"line":468},"20":{"name":"(anonymous_20)","decl":{"start":{"line":473,"column":37},"end":{"line":473,"column":38}},"loc":{"start":{"line":473,"column":49},"end":{"line":473,"column":70}},"line":473},"21":{"name":"(anonymous_21)","decl":{"start":{"line":491,"column":51},"end":{"line":491,"column":52}},"loc":{"start":{"line":491,"column":62},"end":{"line":507,"column":1}},"line":491},"22":{"name":"(anonymous_22)","decl":{"start":{"line":509,"column":49},"end":{"line":509,"column":50}},"loc":{"start":{"line":509,"column":87},"end":{"line":530,"column":1}},"line":509},"23":{"name":"BattleAction","decl":{"start":{"line":535,"column":9},"end":{"line":535,"column":21}},"loc":{"start":{"line":535,"column":34},"end":{"line":550,"column":1}},"line":535},"24":{"name":"(anonymous_24)","decl":{"start":{"line":552,"column":34},"end":{"line":552,"column":35}},"loc":{"start":{"line":552,"column":45},"end":{"line":565,"column":1}},"line":552},"25":{"name":"BattleOutcome","decl":{"start":{"line":570,"column":9},"end":{"line":570,"column":22}},"loc":{"start":{"line":570,"column":71},"end":{"line":583,"column":1}},"line":570},"26":{"name":"(anonymous_26)","decl":{"start":{"line":585,"column":35},"end":{"line":585,"column":36}},"loc":{"start":{"line":585,"column":46},"end":{"line":593,"column":1}},"line":585},"27":{"name":"BattleNode","decl":{"start":{"line":598,"column":9},"end":{"line":598,"column":19}},"loc":{"start":{"line":598,"column":54},"end":{"line":622,"column":1}},"line":598},"28":{"name":"(anonymous_28)","decl":{"start":{"line":624,"column":36},"end":{"line":624,"column":37}},"loc":{"start":{"line":624,"column":47},"end":{"line":626,"column":1}},"line":624},"29":{"name":"(anonymous_29)","decl":{"start":{"line":628,"column":36},"end":{"line":628,"column":37}},"loc":{"start":{"line":628,"column":47},"end":{"line":642,"column":1}},"line":628},"30":{"name":"(anonymous_30)","decl":{"start":{"line":644,"column":35},"end":{"line":644,"column":36}},"loc":{"start":{"line":644,"column":46},"end":{"line":646,"column":1}},"line":644},"31":{"name":"BattleTree","decl":{"start":{"line":651,"column":9},"end":{"line":651,"column":19}},"loc":{"start":{"line":651,"column":22},"end":{"line":663,"column":1}},"line":651},"32":{"name":"(anonymous_32)","decl":{"start":{"line":665,"column":34},"end":{"line":665,"column":35}},"loc":{"start":{"line":665,"column":57},"end":{"line":679,"column":1}},"line":665},"33":{"name":"(anonymous_33)","decl":{"start":{"line":681,"column":31},"end":{"line":681,"column":32}},"loc":{"start":{"line":681,"column":48},"end":{"line":683,"column":1}},"line":681},"34":{"name":"(anonymous_34)","decl":{"start":{"line":685,"column":38},"end":{"line":685,"column":39}},"loc":{"start":{"line":685,"column":49},"end":{"line":687,"column":1}},"line":685},"35":{"name":"(anonymous_35)","decl":{"start":{"line":689,"column":35},"end":{"line":689,"column":36}},"loc":{"start":{"line":689,"column":46},"end":{"line":691,"column":1}},"line":689},"36":{"name":"(anonymous_36)","decl":{"start":{"line":696,"column":31},"end":{"line":696,"column":32}},"loc":{"start":{"line":696,"column":61},"end":{"line":723,"column":1}},"line":696},"37":{"name":"(anonymous_37)","decl":{"start":{"line":725,"column":35},"end":{"line":725,"column":36}},"loc":{"start":{"line":725,"column":46},"end":{"line":742,"column":1}},"line":725},"38":{"name":"(anonymous_38)","decl":{"start":{"line":736,"column":25},"end":{"line":736,"column":26}},"loc":{"start":{"line":736,"column":38},"end":{"line":739,"column":5}},"line":736},"39":{"name":"(anonymous_39)","decl":{"start":{"line":744,"column":32},"end":{"line":744,"column":33}},"loc":{"start":{"line":744,"column":49},"end":{"line":752,"column":1}},"line":744},"40":{"name":"(anonymous_40)","decl":{"start":{"line":754,"column":33},"end":{"line":754,"column":34}},"loc":{"start":{"line":754,"column":84},"end":{"line":777,"column":1}},"line":754},"41":{"name":"(anonymous_41)","decl":{"start":{"line":779,"column":34},"end":{"line":779,"column":35}},"loc":{"start":{"line":779,"column":51},"end":{"line":809,"column":1}},"line":779},"42":{"name":"(anonymous_42)","decl":{"start":{"line":797,"column":21},"end":{"line":797,"column":22}},"loc":{"start":{"line":797,"column":34},"end":{"line":799,"column":5}},"line":797},"43":{"name":"(anonymous_43)","decl":{"start":{"line":811,"column":39},"end":{"line":811,"column":40}},"loc":{"start":{"line":811,"column":56},"end":{"line":823,"column":1}},"line":811},"44":{"name":"(anonymous_44)","decl":{"start":{"line":817,"column":26},"end":{"line":817,"column":27}},"loc":{"start":{"line":817,"column":44},"end":{"line":820,"column":5}},"line":817},"45":{"name":"(anonymous_45)","decl":{"start":{"line":825,"column":37},"end":{"line":825,"column":38}},"loc":{"start":{"line":825,"column":54},"end":{"line":836,"column":1}},"line":825},"46":{"name":"(anonymous_46)","decl":{"start":{"line":838,"column":36},"end":{"line":838,"column":37}},"loc":{"start":{"line":838,"column":47},"end":{"line":845,"column":1}},"line":838},"47":{"name":"(anonymous_47)","decl":{"start":{"line":840,"column":42},"end":{"line":840,"column":43}},"loc":{"start":{"line":840,"column":55},"end":{"line":842,"column":5}},"line":840},"48":{"name":"(anonymous_48)","decl":{"start":{"line":842,"column":11},"end":{"line":842,"column":12}},"loc":{"start":{"line":842,"column":24},"end":{"line":844,"column":5}},"line":842},"49":{"name":"(anonymous_49)","decl":{"start":{"line":847,"column":36},"end":{"line":847,"column":37}},"loc":{"start":{"line":847,"column":53},"end":{"line":849,"column":1}},"line":847},"50":{"name":"(anonymous_50)","decl":{"start":{"line":851,"column":33},"end":{"line":851,"column":34}},"loc":{"start":{"line":851,"column":44},"end":{"line":858,"column":1}},"line":851},"51":{"name":"(anonymous_51)","decl":{"start":{"line":860,"column":35},"end":{"line":860,"column":36}},"loc":{"start":{"line":860,"column":53},"end":{"line":898,"column":1}},"line":860},"52":{"name":"(anonymous_52)","decl":{"start":{"line":872,"column":40},"end":{"line":872,"column":41}},"loc":{"start":{"line":872,"column":53},"end":{"line":887,"column":9}},"line":872},"53":{"name":"(anonymous_53)","decl":{"start":{"line":900,"column":34},"end":{"line":900,"column":35}},"loc":{"start":{"line":900,"column":60},"end":{"line":908,"column":1}},"line":900},"54":{"name":"(anonymous_54)","decl":{"start":{"line":910,"column":48},"end":{"line":910,"column":49}},"loc":{"start":{"line":910,"column":65},"end":{"line":923,"column":1}},"line":910},"55":{"name":"(anonymous_55)","decl":{"start":{"line":915,"column":17},"end":{"line":915,"column":18}},"loc":{"start":{"line":915,"column":30},"end":{"line":920,"column":5}},"line":915},"56":{"name":"(anonymous_56)","decl":{"start":{"line":925,"column":39},"end":{"line":925,"column":40}},"loc":{"start":{"line":925,"column":50},"end":{"line":964,"column":1}},"line":925},"57":{"name":"(anonymous_57)","decl":{"start":{"line":930,"column":36},"end":{"line":930,"column":37}},"loc":{"start":{"line":930,"column":49},"end":{"line":933,"column":5}},"line":930},"58":{"name":"(anonymous_58)","decl":{"start":{"line":936,"column":30},"end":{"line":936,"column":31}},"loc":{"start":{"line":936,"column":45},"end":{"line":948,"column":5}},"line":936},"59":{"name":"(anonymous_59)","decl":{"start":{"line":950,"column":18},"end":{"line":950,"column":19}},"loc":{"start":{"line":950,"column":33},"end":{"line":950,"column":70}},"line":950}},"branchMap":{"0":{"loc":{"start":{"line":13,"column":16},"end":{"line":13,"column":47}},"type":"cond-expr","locations":[{"start":{"line":13,"column":28},"end":{"line":13,"column":29}},{"start":{"line":13,"column":33},"end":{"line":13,"column":46}}],"line":13},"1":{"loc":{"start":{"line":22,"column":4},"end":{"line":22,"column":32}},"type":"if","locations":[{"start":{"line":22,"column":4},"end":{"line":22,"column":32}},{"start":{},"end":{}}],"line":22},"2":{"loc":{"start":{"line":26,"column":8},"end":{"line":28,"column":9}},"type":"if","locations":[{"start":{"line":26,"column":8},"end":{"line":28,"column":9}},{"start":{},"end":{}}],"line":26},"3":{"loc":{"start":{"line":30,"column":8},"end":{"line":32,"column":9}},"type":"if","locations":[{"start":{"line":30,"column":8},"end":{"line":32,"column":9}},{"start":{},"end":{}}],"line":30},"4":{"loc":{"start":{"line":30,"column":12},"end":{"line":30,"column":88}},"type":"binary-expr","locations":[{"start":{"line":30,"column":12},"end":{"line":30,"column":29}},{"start":{"line":30,"column":33},"end":{"line":30,"column":45}},{"start":{"line":30,"column":50},"end":{"line":30,"column":73}},{"start":{"line":30,"column":77},"end":{"line":30,"column":87}}],"line":30},"5":{"loc":{"start":{"line":43,"column":4},"end":{"line":43,"column":30}},"type":"if","locations":[{"start":{"line":43,"column":4},"end":{"line":43,"column":30}},{"start":{},"end":{}}],"line":43},"6":{"loc":{"start":{"line":50,"column":4},"end":{"line":57,"column":5}},"type":"if","locations":[{"start":{"line":50,"column":4},"end":{"line":57,"column":5}},{"start":{},"end":{}}],"line":50},"7":{"loc":{"start":{"line":60,"column":4},"end":{"line":67,"column":5}},"type":"if","locations":[{"start":{"line":60,"column":4},"end":{"line":67,"column":5}},{"start":{},"end":{}}],"line":60},"8":{"loc":{"start":{"line":76,"column":4},"end":{"line":76,"column":27}},"type":"if","locations":[{"start":{"line":76,"column":4},"end":{"line":76,"column":27}},{"start":{},"end":{}}],"line":76},"9":{"loc":{"start":{"line":82,"column":4},"end":{"line":107,"column":5}},"type":"if","locations":[{"start":{"line":82,"column":4},"end":{"line":107,"column":5}},{"start":{"line":86,"column":9},"end":{"line":107,"column":5}}],"line":82},"10":{"loc":{"start":{"line":82,"column":8},"end":{"line":82,"column":67}},"type":"binary-expr","locations":[{"start":{"line":82,"column":8},"end":{"line":82,"column":24}},{"start":{"line":82,"column":28},"end":{"line":82,"column":67}}],"line":82},"11":{"loc":{"start":{"line":86,"column":9},"end":{"line":107,"column":5}},"type":"if","locations":[{"start":{"line":86,"column":9},"end":{"line":107,"column":5}},{"start":{"line":100,"column":9},"end":{"line":107,"column":5}}],"line":86},"12":{"loc":{"start":{"line":86,"column":13},"end":{"line":86,"column":57}},"type":"binary-expr","locations":[{"start":{"line":86,"column":13},"end":{"line":86,"column":28}},{"start":{"line":86,"column":32},"end":{"line":86,"column":57}}],"line":86},"13":{"loc":{"start":{"line":87,"column":21},"end":{"line":87,"column":55}},"type":"binary-expr","locations":[{"start":{"line":87,"column":21},"end":{"line":87,"column":49}},{"start":{"line":87,"column":53},"end":{"line":87,"column":55}}],"line":87},"14":{"loc":{"start":{"line":88,"column":20},"end":{"line":88,"column":40}},"type":"binary-expr","locations":[{"start":{"line":88,"column":20},"end":{"line":88,"column":33}},{"start":{"line":88,"column":37},"end":{"line":88,"column":40}}],"line":88},"15":{"loc":{"start":{"line":89,"column":19},"end":{"line":89,"column":56}},"type":"binary-expr","locations":[{"start":{"line":89,"column":20},"end":{"line":89,"column":31}},{"start":{"line":89,"column":35},"end":{"line":89,"column":49}},{"start":{"line":89,"column":54},"end":{"line":89,"column":56}}],"line":89},"16":{"loc":{"start":{"line":90,"column":19},"end":{"line":90,"column":55}},"type":"binary-expr","locations":[{"start":{"line":90,"column":20},"end":{"line":90,"column":31}},{"start":{"line":90,"column":35},"end":{"line":90,"column":49}},{"start":{"line":90,"column":54},"end":{"line":90,"column":55}}],"line":90},"17":{"loc":{"start":{"line":93,"column":8},"end":{"line":97,"column":9}},"type":"if","locations":[{"start":{"line":93,"column":8},"end":{"line":97,"column":9}},{"start":{"line":95,"column":15},"end":{"line":97,"column":9}}],"line":93},"18":{"loc":{"start":{"line":103,"column":12},"end":{"line":105,"column":13}},"type":"if","locations":[{"start":{"line":103,"column":12},"end":{"line":105,"column":13}},{"start":{},"end":{}}],"line":103},"19":{"loc":{"start":{"line":103,"column":16},"end":{"line":103,"column":65}},"type":"binary-expr","locations":[{"start":{"line":103,"column":16},"end":{"line":103,"column":39}},{"start":{"line":103,"column":43},"end":{"line":103,"column":54}},{"start":{"line":103,"column":58},"end":{"line":103,"column":65}}],"line":103},"20":{"loc":{"start":{"line":110,"column":4},"end":{"line":112,"column":5}},"type":"if","locations":[{"start":{"line":110,"column":4},"end":{"line":112,"column":5}},{"start":{},"end":{}}],"line":110},"21":{"loc":{"start":{"line":110,"column":8},"end":{"line":110,"column":40}},"type":"binary-expr","locations":[{"start":{"line":110,"column":8},"end":{"line":110,"column":27}},{"start":{"line":110,"column":31},"end":{"line":110,"column":40}}],"line":110},"22":{"loc":{"start":{"line":121,"column":4},"end":{"line":121,"column":27}},"type":"if","locations":[{"start":{"line":121,"column":4},"end":{"line":121,"column":27}},{"start":{},"end":{}}],"line":121},"23":{"loc":{"start":{"line":128,"column":8},"end":{"line":130,"column":9}},"type":"if","locations":[{"start":{"line":128,"column":8},"end":{"line":130,"column":9}},{"start":{},"end":{}}],"line":128},"24":{"loc":{"start":{"line":128,"column":12},"end":{"line":128,"column":50}},"type":"binary-expr","locations":[{"start":{"line":128,"column":12},"end":{"line":128,"column":35}},{"start":{"line":128,"column":39},"end":{"line":128,"column":50}}],"line":128},"25":{"loc":{"start":{"line":134,"column":4},"end":{"line":138,"column":5}},"type":"if","locations":[{"start":{"line":134,"column":4},"end":{"line":138,"column":5}},{"start":{},"end":{}}],"line":134},"26":{"loc":{"start":{"line":134,"column":8},"end":{"line":134,"column":52}},"type":"binary-expr","locations":[{"start":{"line":134,"column":8},"end":{"line":134,"column":27}},{"start":{"line":134,"column":31},"end":{"line":134,"column":52}}],"line":134},"27":{"loc":{"start":{"line":147,"column":4},"end":{"line":172,"column":5}},"type":"if","locations":[{"start":{"line":147,"column":4},"end":{"line":172,"column":5}},{"start":{},"end":{}}],"line":147},"28":{"loc":{"start":{"line":176,"column":19},"end":{"line":176,"column":97}},"type":"cond-expr","locations":[{"start":{"line":176,"column":37},"end":{"line":176,"column":85}},{"start":{"line":176,"column":88},"end":{"line":176,"column":97}}],"line":176},"29":{"loc":{"start":{"line":182,"column":21},"end":{"line":182,"column":91}},"type":"cond-expr","locations":[{"start":{"line":182,"column":38},"end":{"line":182,"column":85}},{"start":{"line":182,"column":88},"end":{"line":182,"column":91}}],"line":182},"30":{"loc":{"start":{"line":186,"column":18},"end":{"line":186,"column":75}},"type":"cond-expr","locations":[{"start":{"line":186,"column":30},"end":{"line":186,"column":63}},{"start":{"line":186,"column":66},"end":{"line":186,"column":75}}],"line":186},"31":{"loc":{"start":{"line":208,"column":4},"end":{"line":212,"column":5}},"type":"if","locations":[{"start":{"line":208,"column":4},"end":{"line":212,"column":5}},{"start":{"line":210,"column":11},"end":{"line":212,"column":5}}],"line":208},"32":{"loc":{"start":{"line":209,"column":21},"end":{"line":209,"column":78}},"type":"cond-expr","locations":[{"start":{"line":209,"column":52},"end":{"line":209,"column":73}},{"start":{"line":209,"column":76},"end":{"line":209,"column":78}}],"line":209},"33":{"loc":{"start":{"line":210,"column":11},"end":{"line":212,"column":5}},"type":"if","locations":[{"start":{"line":210,"column":11},"end":{"line":212,"column":5}},{"start":{},"end":{}}],"line":210},"34":{"loc":{"start":{"line":210,"column":15},"end":{"line":210,"column":55}},"type":"binary-expr","locations":[{"start":{"line":210,"column":15},"end":{"line":210,"column":30}},{"start":{"line":210,"column":34},"end":{"line":210,"column":55}}],"line":210},"35":{"loc":{"start":{"line":223,"column":8},"end":{"line":227,"column":9}},"type":"if","locations":[{"start":{"line":223,"column":8},"end":{"line":227,"column":9}},{"start":{"line":225,"column":15},"end":{"line":227,"column":9}}],"line":223},"36":{"loc":{"start":{"line":225,"column":15},"end":{"line":227,"column":9}},"type":"if","locations":[{"start":{"line":225,"column":15},"end":{"line":227,"column":9}},{"start":{},"end":{}}],"line":225},"37":{"loc":{"start":{"line":225,"column":19},"end":{"line":225,"column":36}},"type":"binary-expr","locations":[{"start":{"line":225,"column":19},"end":{"line":225,"column":23}},{"start":{"line":225,"column":27},"end":{"line":225,"column":36}}],"line":225},"38":{"loc":{"start":{"line":237,"column":17},"end":{"line":237,"column":107}},"type":"binary-expr","locations":[{"start":{"line":237,"column":17},"end":{"line":237,"column":45}},{"start":{"line":237,"column":49},"end":{"line":237,"column":107}}],"line":237},"39":{"loc":{"start":{"line":243,"column":4},"end":{"line":247,"column":5}},"type":"if","locations":[{"start":{"line":243,"column":4},"end":{"line":247,"column":5}},{"start":{},"end":{}}],"line":243},"40":{"loc":{"start":{"line":248,"column":4},"end":{"line":252,"column":5}},"type":"if","locations":[{"start":{"line":248,"column":4},"end":{"line":252,"column":5}},{"start":{},"end":{}}],"line":248},"41":{"loc":{"start":{"line":272,"column":11},"end":{"line":272,"column":41}},"type":"binary-expr","locations":[{"start":{"line":272,"column":11},"end":{"line":272,"column":20}},{"start":{"line":272,"column":24},"end":{"line":272,"column":28}},{"start":{"line":272,"column":32},"end":{"line":272,"column":41}}],"line":272},"42":{"loc":{"start":{"line":285,"column":11},"end":{"line":285,"column":26}},"type":"binary-expr","locations":[{"start":{"line":285,"column":11},"end":{"line":285,"column":20}},{"start":{"line":285,"column":24},"end":{"line":285,"column":26}}],"line":285},"43":{"loc":{"start":{"line":318,"column":21},"end":{"line":318,"column":89}},"type":"cond-expr","locations":[{"start":{"line":318,"column":38},"end":{"line":318,"column":85}},{"start":{"line":318,"column":88},"end":{"line":318,"column":89}}],"line":318},"44":{"loc":{"start":{"line":325,"column":21},"end":{"line":325,"column":91}},"type":"cond-expr","locations":[{"start":{"line":325,"column":38},"end":{"line":325,"column":85}},{"start":{"line":325,"column":88},"end":{"line":325,"column":91}}],"line":325},"45":{"loc":{"start":{"line":330,"column":4},"end":{"line":332,"column":5}},"type":"if","locations":[{"start":{"line":330,"column":4},"end":{"line":332,"column":5}},{"start":{},"end":{}}],"line":330},"46":{"loc":{"start":{"line":337,"column":18},"end":{"line":337,"column":37}},"type":"binary-expr","locations":[{"start":{"line":337,"column":18},"end":{"line":337,"column":24}},{"start":{"line":337,"column":28},"end":{"line":337,"column":37}}],"line":337},"47":{"loc":{"start":{"line":338,"column":24},"end":{"line":338,"column":77}},"type":"cond-expr","locations":[{"start":{"line":338,"column":55},"end":{"line":338,"column":72}},{"start":{"line":338,"column":76},"end":{"line":338,"column":77}}],"line":338},"48":{"loc":{"start":{"line":338,"column":55},"end":{"line":338,"column":72}},"type":"binary-expr","locations":[{"start":{"line":338,"column":55},"end":{"line":338,"column":67}},{"start":{"line":338,"column":71},"end":{"line":338,"column":72}}],"line":338},"49":{"loc":{"start":{"line":343,"column":4},"end":{"line":345,"column":5}},"type":"if","locations":[{"start":{"line":343,"column":4},"end":{"line":345,"column":5}},{"start":{},"end":{}}],"line":343},"50":{"loc":{"start":{"line":343,"column":8},"end":{"line":343,"column":66}},"type":"binary-expr","locations":[{"start":{"line":343,"column":8},"end":{"line":343,"column":40}},{"start":{"line":343,"column":44},"end":{"line":343,"column":66}}],"line":343},"51":{"loc":{"start":{"line":353,"column":18},"end":{"line":353,"column":39}},"type":"binary-expr","locations":[{"start":{"line":353,"column":18},"end":{"line":353,"column":32}},{"start":{"line":353,"column":36},"end":{"line":353,"column":39}}],"line":353},"52":{"loc":{"start":{"line":354,"column":16},"end":{"line":354,"column":36}},"type":"binary-expr","locations":[{"start":{"line":354,"column":16},"end":{"line":354,"column":31}},{"start":{"line":354,"column":35},"end":{"line":354,"column":36}}],"line":354},"53":{"loc":{"start":{"line":358,"column":4},"end":{"line":362,"column":5}},"type":"if","locations":[{"start":{"line":358,"column":4},"end":{"line":362,"column":5}},{"start":{"line":360,"column":11},"end":{"line":362,"column":5}}],"line":358},"54":{"loc":{"start":{"line":360,"column":11},"end":{"line":362,"column":5}},"type":"if","locations":[{"start":{"line":360,"column":11},"end":{"line":362,"column":5}},{"start":{},"end":{}}],"line":360},"55":{"loc":{"start":{"line":367,"column":4},"end":{"line":369,"column":5}},"type":"if","locations":[{"start":{"line":367,"column":4},"end":{"line":369,"column":5}},{"start":{},"end":{}}],"line":367},"56":{"loc":{"start":{"line":372,"column":4},"end":{"line":374,"column":5}},"type":"if","locations":[{"start":{"line":372,"column":4},"end":{"line":374,"column":5}},{"start":{},"end":{}}],"line":372},"57":{"loc":{"start":{"line":377,"column":4},"end":{"line":379,"column":5}},"type":"if","locations":[{"start":{"line":377,"column":4},"end":{"line":379,"column":5}},{"start":{},"end":{}}],"line":377},"58":{"loc":{"start":{"line":377,"column":8},"end":{"line":377,"column":31}},"type":"binary-expr","locations":[{"start":{"line":377,"column":8},"end":{"line":377,"column":13}},{"start":{"line":377,"column":17},"end":{"line":377,"column":31}}],"line":377},"59":{"loc":{"start":{"line":391,"column":8},"end":{"line":394,"column":9}},"type":"if","locations":[{"start":{"line":391,"column":8},"end":{"line":394,"column":9}},{"start":{},"end":{}}],"line":391},"60":{"loc":{"start":{"line":391,"column":12},"end":{"line":391,"column":56}},"type":"binary-expr","locations":[{"start":{"line":391,"column":12},"end":{"line":391,"column":29}},{"start":{"line":391,"column":33},"end":{"line":391,"column":56}}],"line":391},"61":{"loc":{"start":{"line":393,"column":48},"end":{"line":393,"column":66}},"type":"cond-expr","locations":[{"start":{"line":393,"column":58},"end":{"line":393,"column":61}},{"start":{"line":393,"column":64},"end":{"line":393,"column":66}}],"line":393},"62":{"loc":{"start":{"line":396,"column":11},"end":{"line":396,"column":60}},"type":"cond-expr","locations":[{"start":{"line":396,"column":30},"end":{"line":396,"column":46}},{"start":{"line":396,"column":49},"end":{"line":396,"column":60}}],"line":396},"63":{"loc":{"start":{"line":467,"column":22},"end":{"line":467,"column":68}},"type":"cond-expr","locations":[{"start":{"line":467,"column":39},"end":{"line":467,"column":61}},{"start":{"line":467,"column":64},"end":{"line":467,"column":68}}],"line":467},"64":{"loc":{"start":{"line":472,"column":22},"end":{"line":472,"column":68}},"type":"cond-expr","locations":[{"start":{"line":472,"column":39},"end":{"line":472,"column":61}},{"start":{"line":472,"column":64},"end":{"line":472,"column":68}}],"line":472},"65":{"loc":{"start":{"line":492,"column":18},"end":{"line":492,"column":86}},"type":"cond-expr","locations":[{"start":{"line":492,"column":35},"end":{"line":492,"column":82}},{"start":{"line":492,"column":85},"end":{"line":492,"column":86}}],"line":492},"66":{"loc":{"start":{"line":493,"column":18},"end":{"line":493,"column":86}},"type":"cond-expr","locations":[{"start":{"line":493,"column":35},"end":{"line":493,"column":82}},{"start":{"line":493,"column":85},"end":{"line":493,"column":86}}],"line":493},"67":{"loc":{"start":{"line":501,"column":17},"end":{"line":501,"column":66}},"type":"cond-expr","locations":[{"start":{"line":501,"column":29},"end":{"line":501,"column":46}},{"start":{"line":501,"column":49},"end":{"line":501,"column":66}}],"line":501},"68":{"loc":{"start":{"line":502,"column":17},"end":{"line":502,"column":66}},"type":"cond-expr","locations":[{"start":{"line":502,"column":29},"end":{"line":502,"column":46}},{"start":{"line":502,"column":49},"end":{"line":502,"column":66}}],"line":502},"69":{"loc":{"start":{"line":510,"column":17},"end":{"line":510,"column":60}},"type":"cond-expr","locations":[{"start":{"line":510,"column":34},"end":{"line":510,"column":53}},{"start":{"line":510,"column":56},"end":{"line":510,"column":60}}],"line":510},"70":{"loc":{"start":{"line":511,"column":17},"end":{"line":511,"column":60}},"type":"cond-expr","locations":[{"start":{"line":511,"column":34},"end":{"line":511,"column":53}},{"start":{"line":511,"column":56},"end":{"line":511,"column":60}}],"line":511},"71":{"loc":{"start":{"line":513,"column":4},"end":{"line":515,"column":5}},"type":"if","locations":[{"start":{"line":513,"column":4},"end":{"line":515,"column":5}},{"start":{},"end":{}}],"line":513},"72":{"loc":{"start":{"line":517,"column":4},"end":{"line":529,"column":5}},"type":"if","locations":[{"start":{"line":517,"column":4},"end":{"line":529,"column":5}},{"start":{"line":523,"column":11},"end":{"line":529,"column":5}}],"line":517},"73":{"loc":{"start":{"line":518,"column":8},"end":{"line":522,"column":9}},"type":"if","locations":[{"start":{"line":518,"column":8},"end":{"line":522,"column":9}},{"start":{"line":520,"column":15},"end":{"line":522,"column":9}}],"line":518},"74":{"loc":{"start":{"line":524,"column":8},"end":{"line":528,"column":9}},"type":"if","locations":[{"start":{"line":524,"column":8},"end":{"line":528,"column":9}},{"start":{"line":526,"column":15},"end":{"line":528,"column":9}}],"line":524},"75":{"loc":{"start":{"line":537,"column":16},"end":{"line":537,"column":26}},"type":"binary-expr","locations":[{"start":{"line":537,"column":16},"end":{"line":537,"column":20}},{"start":{"line":537,"column":24},"end":{"line":537,"column":26}}],"line":537},"76":{"loc":{"start":{"line":540,"column":20},"end":{"line":540,"column":39}},"type":"binary-expr","locations":[{"start":{"line":540,"column":20},"end":{"line":540,"column":33}},{"start":{"line":540,"column":37},"end":{"line":540,"column":39}}],"line":540},"77":{"loc":{"start":{"line":541,"column":21},"end":{"line":541,"column":40}},"type":"binary-expr","locations":[{"start":{"line":541,"column":21},"end":{"line":541,"column":35}},{"start":{"line":541,"column":39},"end":{"line":541,"column":40}}],"line":541},"78":{"loc":{"start":{"line":542,"column":22},"end":{"line":542,"column":42}},"type":"binary-expr","locations":[{"start":{"line":542,"column":22},"end":{"line":542,"column":37}},{"start":{"line":542,"column":41},"end":{"line":542,"column":42}}],"line":542},"79":{"loc":{"start":{"line":545,"column":20},"end":{"line":545,"column":41}},"type":"binary-expr","locations":[{"start":{"line":545,"column":20},"end":{"line":545,"column":33}},{"start":{"line":545,"column":37},"end":{"line":545,"column":41}}],"line":545},"80":{"loc":{"start":{"line":546,"column":25},"end":{"line":546,"column":48}},"type":"binary-expr","locations":[{"start":{"line":546,"column":25},"end":{"line":546,"column":43}},{"start":{"line":546,"column":47},"end":{"line":546,"column":48}}],"line":546},"81":{"loc":{"start":{"line":549,"column":20},"end":{"line":549,"column":39}},"type":"binary-expr","locations":[{"start":{"line":549,"column":20},"end":{"line":549,"column":33}},{"start":{"line":549,"column":37},"end":{"line":549,"column":39}}],"line":549},"82":{"loc":{"start":{"line":553,"column":4},"end":{"line":564,"column":5}},"type":"switch","locations":[{"start":{"line":554,"column":8},"end":{"line":555,"column":45}},{"start":{"line":556,"column":8},"end":{"line":557,"column":56}},{"start":{"line":558,"column":8},"end":{"line":559,"column":54}},{"start":{"line":560,"column":8},"end":{"line":561,"column":26}},{"start":{"line":562,"column":8},"end":{"line":563,"column":29}}],"line":553},"83":{"loc":{"start":{"line":555,"column":19},"end":{"line":555,"column":44}},"type":"binary-expr","locations":[{"start":{"line":555,"column":19},"end":{"line":555,"column":32}},{"start":{"line":555,"column":36},"end":{"line":555,"column":44}}],"line":555},"84":{"loc":{"start":{"line":557,"column":34},"end":{"line":557,"column":54}},"type":"binary-expr","locations":[{"start":{"line":557,"column":34},"end":{"line":557,"column":47}},{"start":{"line":557,"column":51},"end":{"line":557,"column":54}}],"line":557},"85":{"loc":{"start":{"line":559,"column":29},"end":{"line":559,"column":52}},"type":"binary-expr","locations":[{"start":{"line":559,"column":29},"end":{"line":559,"column":42}},{"start":{"line":559,"column":46},"end":{"line":559,"column":52}}],"line":559},"86":{"loc":{"start":{"line":571,"column":23},"end":{"line":571,"column":46}},"type":"binary-expr","locations":[{"start":{"line":571,"column":23},"end":{"line":571,"column":34}},{"start":{"line":571,"column":38},"end":{"line":571,"column":46}}],"line":571},"87":{"loc":{"start":{"line":572,"column":23},"end":{"line":572,"column":41}},"type":"binary-expr","locations":[{"start":{"line":572,"column":23},"end":{"line":572,"column":34}},{"start":{"line":572,"column":38},"end":{"line":572,"column":41}}],"line":572},"88":{"loc":{"start":{"line":573,"column":23},"end":{"line":573,"column":39}},"type":"binary-expr","locations":[{"start":{"line":573,"column":23},"end":{"line":573,"column":34}},{"start":{"line":573,"column":38},"end":{"line":573,"column":39}}],"line":573},"89":{"loc":{"start":{"line":575,"column":19},"end":{"line":575,"column":32}},"type":"binary-expr","locations":[{"start":{"line":575,"column":19},"end":{"line":575,"column":26}},{"start":{"line":575,"column":30},"end":{"line":575,"column":32}}],"line":575},"90":{"loc":{"start":{"line":578,"column":18},"end":{"line":578,"column":50}},"type":"binary-expr","locations":[{"start":{"line":578,"column":18},"end":{"line":578,"column":25}},{"start":{"line":578,"column":29},"end":{"line":578,"column":41}},{"start":{"line":578,"column":45},"end":{"line":578,"column":50}}],"line":578},"91":{"loc":{"start":{"line":579,"column":18},"end":{"line":579,"column":50}},"type":"binary-expr","locations":[{"start":{"line":579,"column":18},"end":{"line":579,"column":25}},{"start":{"line":579,"column":29},"end":{"line":579,"column":41}},{"start":{"line":579,"column":45},"end":{"line":579,"column":50}}],"line":579},"92":{"loc":{"start":{"line":580,"column":22},"end":{"line":580,"column":58}},"type":"binary-expr","locations":[{"start":{"line":580,"column":22},"end":{"line":580,"column":29}},{"start":{"line":580,"column":33},"end":{"line":580,"column":49}},{"start":{"line":580,"column":53},"end":{"line":580,"column":58}}],"line":580},"93":{"loc":{"start":{"line":581,"column":21},"end":{"line":581,"column":56}},"type":"binary-expr","locations":[{"start":{"line":581,"column":21},"end":{"line":581,"column":28}},{"start":{"line":581,"column":32},"end":{"line":581,"column":47}},{"start":{"line":581,"column":51},"end":{"line":581,"column":56}}],"line":581},"94":{"loc":{"start":{"line":582,"column":30},"end":{"line":582,"column":67}},"type":"binary-expr","locations":[{"start":{"line":582,"column":30},"end":{"line":582,"column":37}},{"start":{"line":582,"column":41},"end":{"line":582,"column":58}},{"start":{"line":582,"column":62},"end":{"line":582,"column":67}}],"line":582},"95":{"loc":{"start":{"line":587,"column":4},"end":{"line":587,"column":41}},"type":"if","locations":[{"start":{"line":587,"column":4},"end":{"line":587,"column":41}},{"start":{},"end":{}}],"line":587},"96":{"loc":{"start":{"line":588,"column":4},"end":{"line":588,"column":41}},"type":"if","locations":[{"start":{"line":588,"column":4},"end":{"line":588,"column":41}},{"start":{},"end":{}}],"line":588},"97":{"loc":{"start":{"line":589,"column":4},"end":{"line":589,"column":44}},"type":"if","locations":[{"start":{"line":589,"column":4},"end":{"line":589,"column":44}},{"start":{},"end":{}}],"line":589},"98":{"loc":{"start":{"line":590,"column":4},"end":{"line":590,"column":43}},"type":"if","locations":[{"start":{"line":590,"column":4},"end":{"line":590,"column":43}},{"start":{},"end":{}}],"line":590},"99":{"loc":{"start":{"line":591,"column":4},"end":{"line":591,"column":55}},"type":"if","locations":[{"start":{"line":591,"column":4},"end":{"line":591,"column":55}},{"start":{},"end":{}}],"line":591},"100":{"loc":{"start":{"line":592,"column":11},"end":{"line":592,"column":59}},"type":"cond-expr","locations":[{"start":{"line":592,"column":31},"end":{"line":592,"column":48}},{"start":{"line":592,"column":51},"end":{"line":592,"column":59}}],"line":592},"101":{"loc":{"start":{"line":600,"column":20},"end":{"line":600,"column":36}},"type":"binary-expr","locations":[{"start":{"line":600,"column":20},"end":{"line":600,"column":28}},{"start":{"line":600,"column":32},"end":{"line":600,"column":36}}],"line":600},"102":{"loc":{"start":{"line":604,"column":17},"end":{"line":604,"column":51}},"type":"binary-expr","locations":[{"start":{"line":604,"column":17},"end":{"line":604,"column":22}},{"start":{"line":604,"column":26},"end":{"line":604,"column":51}}],"line":604},"103":{"loc":{"start":{"line":608,"column":12},"end":{"line":608,"column":39}},"type":"binary-expr","locations":[{"start":{"line":608,"column":12},"end":{"line":608,"column":18}},{"start":{"line":608,"column":22},"end":{"line":608,"column":31}},{"start":{"line":608,"column":35},"end":{"line":608,"column":39}}],"line":608},"104":{"loc":{"start":{"line":609,"column":12},"end":{"line":609,"column":39}},"type":"binary-expr","locations":[{"start":{"line":609,"column":12},"end":{"line":609,"column":18}},{"start":{"line":609,"column":22},"end":{"line":609,"column":31}},{"start":{"line":609,"column":35},"end":{"line":609,"column":39}}],"line":609},"105":{"loc":{"start":{"line":613,"column":19},"end":{"line":613,"column":49}},"type":"binary-expr","locations":[{"start":{"line":613,"column":19},"end":{"line":613,"column":26}},{"start":{"line":613,"column":30},"end":{"line":613,"column":49}}],"line":613},"106":{"loc":{"start":{"line":631,"column":4},"end":{"line":633,"column":5}},"type":"if","locations":[{"start":{"line":631,"column":4},"end":{"line":633,"column":5}},{"start":{},"end":{}}],"line":631},"107":{"loc":{"start":{"line":631,"column":8},"end":{"line":631,"column":58}},"type":"binary-expr","locations":[{"start":{"line":631,"column":8},"end":{"line":631,"column":23}},{"start":{"line":631,"column":27},"end":{"line":631,"column":58}}],"line":631},"108":{"loc":{"start":{"line":634,"column":4},"end":{"line":636,"column":5}},"type":"if","locations":[{"start":{"line":634,"column":4},"end":{"line":636,"column":5}},{"start":{},"end":{}}],"line":634},"109":{"loc":{"start":{"line":634,"column":8},"end":{"line":634,"column":58}},"type":"binary-expr","locations":[{"start":{"line":634,"column":8},"end":{"line":634,"column":23}},{"start":{"line":634,"column":27},"end":{"line":634,"column":58}}],"line":634},"110":{"loc":{"start":{"line":637,"column":4},"end":{"line":639,"column":5}},"type":"if","locations":[{"start":{"line":637,"column":4},"end":{"line":639,"column":5}},{"start":{},"end":{}}],"line":637},"111":{"loc":{"start":{"line":637,"column":8},"end":{"line":637,"column":73}},"type":"binary-expr","locations":[{"start":{"line":637,"column":8},"end":{"line":637,"column":45}},{"start":{"line":637,"column":49},"end":{"line":637,"column":73}}],"line":637},"112":{"loc":{"start":{"line":682,"column":11},"end":{"line":682,"column":37}},"type":"binary-expr","locations":[{"start":{"line":682,"column":11},"end":{"line":682,"column":29}},{"start":{"line":682,"column":33},"end":{"line":682,"column":37}}],"line":682},"113":{"loc":{"start":{"line":698,"column":21},"end":{"line":698,"column":44}},"type":"binary-expr","locations":[{"start":{"line":698,"column":21},"end":{"line":698,"column":26}},{"start":{"line":698,"column":30},"end":{"line":698,"column":44}}],"line":698},"114":{"loc":{"start":{"line":703,"column":4},"end":{"line":705,"column":5}},"type":"if","locations":[{"start":{"line":703,"column":4},"end":{"line":705,"column":5}},{"start":{},"end":{}}],"line":703},"115":{"loc":{"start":{"line":708,"column":4},"end":{"line":710,"column":5}},"type":"if","locations":[{"start":{"line":708,"column":4},"end":{"line":710,"column":5}},{"start":{},"end":{}}],"line":708},"116":{"loc":{"start":{"line":708,"column":8},"end":{"line":708,"column":63}},"type":"binary-expr","locations":[{"start":{"line":708,"column":8},"end":{"line":708,"column":19}},{"start":{"line":708,"column":23},"end":{"line":708,"column":63}}],"line":708},"117":{"loc":{"start":{"line":713,"column":4},"end":{"line":715,"column":5}},"type":"if","locations":[{"start":{"line":713,"column":4},"end":{"line":715,"column":5}},{"start":{},"end":{}}],"line":713},"118":{"loc":{"start":{"line":729,"column":4},"end":{"line":734,"column":5}},"type":"if","locations":[{"start":{"line":729,"column":4},"end":{"line":734,"column":5}},{"start":{},"end":{}}],"line":729},"119":{"loc":{"start":{"line":729,"column":8},"end":{"line":729,"column":50}},"type":"binary-expr","locations":[{"start":{"line":729,"column":8},"end":{"line":729,"column":21}},{"start":{"line":729,"column":25},"end":{"line":729,"column":50}}],"line":729},"120":{"loc":{"start":{"line":730,"column":8},"end":{"line":732,"column":9}},"type":"if","locations":[{"start":{"line":730,"column":8},"end":{"line":732,"column":9}},{"start":{},"end":{}}],"line":730},"121":{"loc":{"start":{"line":738,"column":8},"end":{"line":738,"column":35}},"type":"if","locations":[{"start":{"line":738,"column":8},"end":{"line":738,"column":35}},{"start":{},"end":{}}],"line":738},"122":{"loc":{"start":{"line":745,"column":4},"end":{"line":750,"column":5}},"type":"if","locations":[{"start":{"line":745,"column":4},"end":{"line":750,"column":5}},{"start":{},"end":{}}],"line":745},"123":{"loc":{"start":{"line":756,"column":4},"end":{"line":759,"column":5}},"type":"if","locations":[{"start":{"line":756,"column":4},"end":{"line":759,"column":5}},{"start":{},"end":{}}],"line":756},"124":{"loc":{"start":{"line":781,"column":4},"end":{"line":783,"column":5}},"type":"if","locations":[{"start":{"line":781,"column":4},"end":{"line":783,"column":5}},{"start":{},"end":{}}],"line":781},"125":{"loc":{"start":{"line":781,"column":8},"end":{"line":781,"column":39}},"type":"binary-expr","locations":[{"start":{"line":781,"column":8},"end":{"line":781,"column":13}},{"start":{"line":781,"column":17},"end":{"line":781,"column":39}}],"line":781},"126":{"loc":{"start":{"line":789,"column":4},"end":{"line":794,"column":5}},"type":"if","locations":[{"start":{"line":789,"column":4},"end":{"line":794,"column":5}},{"start":{},"end":{}}],"line":789},"127":{"loc":{"start":{"line":791,"column":8},"end":{"line":793,"column":9}},"type":"if","locations":[{"start":{"line":791,"column":8},"end":{"line":793,"column":9}},{"start":{},"end":{}}],"line":791},"128":{"loc":{"start":{"line":801,"column":4},"end":{"line":803,"column":5}},"type":"if","locations":[{"start":{"line":801,"column":4},"end":{"line":803,"column":5}},{"start":{},"end":{}}],"line":801},"129":{"loc":{"start":{"line":802,"column":29},"end":{"line":802,"column":57}},"type":"binary-expr","locations":[{"start":{"line":802,"column":29},"end":{"line":802,"column":42}},{"start":{"line":802,"column":46},"end":{"line":802,"column":57}}],"line":802},"130":{"loc":{"start":{"line":814,"column":4},"end":{"line":814,"column":29}},"type":"if","locations":[{"start":{"line":814,"column":4},"end":{"line":814,"column":29}},{"start":{},"end":{}}],"line":814},"131":{"loc":{"start":{"line":832,"column":20},"end":{"line":832,"column":47}},"type":"cond-expr","locations":[{"start":{"line":832,"column":27},"end":{"line":832,"column":40}},{"start":{"line":832,"column":43},"end":{"line":832,"column":47}}],"line":832},"132":{"loc":{"start":{"line":863,"column":8},"end":{"line":865,"column":9}},"type":"if","locations":[{"start":{"line":863,"column":8},"end":{"line":865,"column":9}},{"start":{},"end":{}}],"line":863},"133":{"loc":{"start":{"line":876,"column":12},"end":{"line":884,"column":13}},"type":"if","locations":[{"start":{"line":876,"column":12},"end":{"line":884,"column":13}},{"start":{},"end":{}}],"line":876},"134":{"loc":{"start":{"line":878,"column":16},"end":{"line":880,"column":17}},"type":"if","locations":[{"start":{"line":878,"column":16},"end":{"line":880,"column":17}},{"start":{},"end":{}}],"line":878},"135":{"loc":{"start":{"line":881,"column":16},"end":{"line":883,"column":17}},"type":"if","locations":[{"start":{"line":881,"column":16},"end":{"line":883,"column":17}},{"start":{},"end":{}}],"line":881},"136":{"loc":{"start":{"line":901,"column":4},"end":{"line":907,"column":5}},"type":"if","locations":[{"start":{"line":901,"column":4},"end":{"line":907,"column":5}},{"start":{},"end":{}}],"line":901},"137":{"loc":{"start":{"line":917,"column":8},"end":{"line":919,"column":9}},"type":"if","locations":[{"start":{"line":917,"column":8},"end":{"line":919,"column":9}},{"start":{},"end":{}}],"line":917},"138":{"loc":{"start":{"line":917,"column":12},"end":{"line":917,"column":60}},"type":"binary-expr","locations":[{"start":{"line":917,"column":12},"end":{"line":917,"column":16}},{"start":{"line":917,"column":20},"end":{"line":917,"column":32}},{"start":{"line":917,"column":36},"end":{"line":917,"column":60}}],"line":917},"139":{"loc":{"start":{"line":927,"column":4},"end":{"line":927,"column":41}},"type":"if","locations":[{"start":{"line":927,"column":4},"end":{"line":927,"column":41}},{"start":{
[...]
lumn":20},"end":{"line":990,"column":33}},{"start":{"line":990,"column":38},"end":{"line":990,"column":54}},{"start":{"line":990,"column":58},"end":{"line":990,"column":87}}],"line":990},"217":{"loc":{"start":{"line":993,"column":16},"end":{"line":997,"column":17}},"type":"if","locations":[{"start":{"line":993,"column":16},"end":{"line":997,"column":17}},{"start":{},"end":{}}],"line":993},"218":{"loc":{"start":{"line":998,"column":16},"end":{"line":1002,"column":17}},"type":"if","locations":[{"start":{"line":998,"column":16},"end":{"line":1002,"column":17}},{"start":{},"end":{}}],"line":998},"219":{"loc":{"start":{"line":1007,"column":8},"end":{"line":1011,"column":9}},"type":"if","locations":[{"start":{"line":1007,"column":8},"end":{"line":1011,"column":9}},{"start":{"line":1009,"column":15},"end":{"line":1011,"column":9}}],"line":1007},"220":{"loc":{"start":{"line":1007,"column":12},"end":{"line":1007,"column":75}},"type":"binary-expr","locations":[{"start":{"line":1007,"column":12},"end":{"line":1007,"column":33}},{"start":{"line":1007,"column":37},"end":{"line":1007,"column":75}}],"line":1007},"221":{"loc":{"start":{"line":1009,"column":15},"end":{"line":1011,"column":9}},"type":"if","locations":[{"start":{"line":1009,"column":15},"end":{"line":1011,"column":9}},{"start":{},"end":{}}],"line":1009},"222":{"loc":{"start":{"line":1009,"column":19},"end":{"line":1009,"column":82}},"type":"binary-expr","locations":[{"start":{"line":1009,"column":19},"end":{"line":1009,"column":40}},{"start":{"line":1009,"column":44},"end":{"line":1009,"column":82}}],"line":1009},"223":{"loc":{"start":{"line":1025,"column":15},"end":{"line":1025,"column":32}},"type":"binary-expr","locations":[{"start":{"line":1025,"column":15},"end":{"line":1025,"column":24}},{"start":{"line":1025,"column":28},"end":{"line":1025,"column":32}}],"line":1025},"224":{"loc":{"start":{"line":1032,"column":8},"end":{"line":1034,"column":9}},"type":"if","locations":[{"start":{"line":1032,"column":8},"end":{"line":1034,"column":9}},{"start":{},"end":{}}],"line":1032},"225":{"loc":{"start":{"line":1037,"column":8},"end":{"line":1039,"column":9}},"type":"if","locations":[{"start":{"line":1037,"column":8},"end":{"line":1039,"column":9}},{"start":{},"end":{}}],"line":1037},"226":{"loc":{"start":{"line":1037,"column":12},"end":{"line":1037,"column":66}},"type":"binary-expr","locations":[{"start":{"line":1037,"column":12},"end":{"line":1037,"column":23}},{"start":{"line":1037,"column":27},"end":{"line":1037,"column":66}}],"line":1037},"227":{"loc":{"start":{"line":1038,"column":19},"end":{"line":1038,"column":63}},"type":"cond-expr","locations":[{"start":{"line":1038,"column":36},"end":{"line":1038,"column":52}},{"start":{"line":1038,"column":55},"end":{"line":1038,"column":63}}],"line":1038},"228":{"loc":{"start":{"line":1042,"column":8},"end":{"line":1059,"column":9}},"type":"if","locations":[{"start":{"line":1042,"column":8},"end":{"line":1059,"column":9}},{"start":{},"end":{}}],"line":1042},"229":{"loc":{"start":{"line":1042,"column":12},"end":{"line":1042,"column":64}},"type":"binary-expr","locations":[{"start":{"line":1042,"column":12},"end":{"line":1042,"column":33}},{"start":{"line":1042,"column":37},"end":{"line":1042,"column":64}}],"line":1042},"230":{"loc":{"start":{"line":1046,"column":16},"end":{"line":1048,"column":17}},"type":"if","locations":[{"start":{"line":1046,"column":16},"end":{"line":1048,"column":17}},{"start":{},"end":{}}],"line":1046},"231":{"loc":{"start":{"line":1049,"column":16},"end":{"line":1051,"column":17}},"type":"if","locations":[{"start":{"line":1049,"column":16},"end":{"line":1051,"column":17}},{"start":{},"end":{}}],"line":1049},"232":{"loc":{"start":{"line":1050,"column":36},"end":{"line":1050,"column":113}},"type":"cond-expr","locations":[{"start":{"line":1050,"column":65},"end":{"line":1050,"column":108}},{"start":{"line":1050,"column":111},"end":{"line":1050,"column":113}}],"line":1050},"233":{"loc":{"start":{"line":1052,"column":16},"end":{"line":1054,"column":17}},"type":"if","locations":[{"start":{"line":1052,"column":16},"end":{"line":1054,"column":17}},{"start":{},"end":{}}],"line":1052},"234":{"loc":{"start":{"line":1061,"column":8},"end":{"line":1063,"column":9}},"type":"if","locations":[{"start":{"line":1061,"column":8},"end":{"line":1063,"column":9}},{"start":{},"end":{}}],"line":1061},"235":{"loc":{"start":{"line":1061,"column":12},"end":{"line":1061,"column":42}},"type":"binary-expr","locations":[{"start":{"line":1061,"column":12},"end":{"line":1061,"column":24}},{"start":{"line":1061,"column":28},"end":{"line":1061,"column":42}}],"line":1061},"236":{"loc":{"start":{"line":1067,"column":12},"end":{"line":1068,"column":59}},"type":"if","locations":[{"start":{"line":1067,"column":12},"end":{"line":1068,"column":59}},{"start":{"line":1068,"column":17},"end":{"line":1068,"column":59}}],"line":1067},"237":{"loc":{"start":{"line":1067,"column":16},"end":{"line":1067,"column":30}},"type":"binary-expr","locations":[{"start":{"line":1067,"column":16},"end":{"line":1067,"column":19}},{"start":{"line":1067,"column":23},"end":{"line":1067,"column":30}}],"line":1067},"238":{"loc":{"start":{"line":1068,"column":17},"end":{"line":1068,"column":59}},"type":"if","locations":[{"start":{"line":1068,"column":17},"end":{"line":1068,"column":59}},{"start":{},"end":{}}],"line":1068},"239":{"loc":{"start":{"line":1071,"column":23},"end":{"line":1071,"column":44}},"type":"binary-expr","locations":[{"start":{"line":1071,"column":23},"end":{"line":1071,"column":37}},{"start":{"line":1071,"column":41},"end":{"line":1071,"column":44}}],"line":1071},"240":{"loc":{"start":{"line":1072,"column":25},"end":{"line":1072,"column":47}},"type":"binary-expr","locations":[{"start":{"line":1072,"column":25},"end":{"line":1072,"column":41}},{"start":{"line":1072,"column":45},"end":{"line":1072,"column":47}}],"line":1072},"241":{"loc":{"start":{"line":1073,"column":22},"end":{"line":1073,"column":41}},"type":"binary-expr","locations":[{"start":{"line":1073,"column":22},"end":{"line":1073,"column":35}},{"start":{"line":1073,"column":39},"end":{"line":1073,"column":41}}],"line":1073},"242":{"loc":{"start":{"line":1074,"column":24},"end":{"line":1074,"column":50}},"type":"binary-expr","locations":[{"start":{"line":1074,"column":24},"end":{"line":1074,"column":39}},{"start":{"line":1074,"column":43},"end":{"line":1074,"column":50}}],"line":1074},"243":{"loc":{"start":{"line":1075,"column":21},"end":{"line":1075,"column":39}},"type":"binary-expr","locations":[{"start":{"line":1075,"column":21},"end":{"line":1075,"column":33}},{"start":{"line":1075,"column":37},"end":{"line":1075,"column":39}}],"line":1075},"244":{"loc":{"start":{"line":1076,"column":21},"end":{"line":1076,"column":39}},"type":"binary-expr","locations":[{"start":{"line":1076,"column":21},"end":{"line":1076,"column":33}},{"start":{"line":1076,"column":37},"end":{"line":1076,"column":39}}],"line":1076},"245":{"loc":{"start":{"line":1077,"column":24},"end":{"line":1077,"column":45}},"type":"binary-expr","locations":[{"start":{"line":1077,"column":24},"end":{"line":1077,"column":39}},{"start":{"line":1077,"column":43},"end":{"line":1077,"column":45}}],"line":1077},"246":{"loc":{"start":{"line":1081,"column":12},"end":{"line":1085,"column":13}},"type":"if","locations":[{"start":{"line":1081,"column":12},"end":{"line":1085,"column":13}},{"start":{},"end":{}}],"line":1081},"247":{"loc":{"start":{"line":1081,"column":16},"end":{"line":1081,"column":59}},"type":"binary-expr","locations":[{"start":{"line":1081,"column":16},"end":{"line":1081,"column":30}},{"start":{"line":1081,"column":34},"end":{"line":1081,"column":59}}],"line":1081},"248":{"loc":{"start":{"line":1098,"column":8},"end":{"line":1098,"column":38}},"type":"if","locations":[{"start":{"line":1098,"column":8},"end":{"line":1098,"column":38}},{"start":{},"end":{}}],"line":1098},"249":{"loc":{"start":{"line":1100,"column":8},"end":{"line":1100,"column":36}},"type":"if","locations":[{"start":{"line":1100,"column":8},"end":{"line":1100,"column":36}},{"start":{},"end":{}}],"line":1100},"250":{"loc":{"start":{"line":1102,"column":24},"end":{"line":1102,"column":102}},"type":"cond-expr","locations":[{"start":{"line":1102,"column":74},"end":{"line":1102,"column":90}},{"start":{"line":1102,"column":93},"end":{"line":1102,"column":102}}],"line":1102},"251":{"loc":{"start":{"line":1102,"column":24},"end":{"line":1102,"column":71}},"type":"binary-expr","locations":[{"start":{"line":1102,"column":24},"end":{"line":1102,"column":40}},{"start":{"line":1102,"column":44},"end":{"line":1102,"column":71}}],"line":1102},"252":{"loc":{"start":{"line":1103,"column":24},"end":{"line":1103,"column":102}},"type":"cond-expr","locations":[{"start":{"line":1103,"column":74},"end":{"line":1103,"column":90}},{"start":{"line":1103,"column":93},"end":{"line":1103,"column":102}}],"line":1103},"253":{"loc":{"start":{"line":1103,"column":24},"end":{"line":1103,"column":71}},"type":"binary-expr","locations":[{"start":{"line":1103,"column":24},"end":{"line":1103,"column":40}},{"start":{"line":1103,"column":44},"end":{"line":1103,"column":71}}],"line":1103},"254":{"loc":{"start":{"line":1118,"column":8},"end":{"line":1122,"column":9}},"type":"if","locations":[{"start":{"line":1118,"column":8},"end":{"line":1122,"column":9}},{"start":{},"end":{}}],"line":1118},"255":{"loc":{"start":{"line":1123,"column":8},"end":{"line":1127,"column":9}},"type":"if","locations":[{"start":{"line":1123,"column":8},"end":{"line":1127,"column":9}},{"start":{},"end":{}}],"line":1123},"256":{"loc":{"start":{"line":1129,"column":8},"end":{"line":1152,"column":9}},"type":"if","locations":[{"start":{"line":1129,"column":8},"end":{"line":1152,"column":9}},{"start":{},"end":{}}],"line":1129},"257":{"loc":{"start":{"line":1130,"column":34},"end":{"line":1130,"column":57}},"type":"binary-expr","locations":[{"start":{"line":1130,"column":34},"end":{"line":1130,"column":47}},{"start":{"line":1130,"column":51},"end":{"line":1130,"column":57}}],"line":1130},"258":{"loc":{"start":{"line":1131,"column":34},"end":{"line":1131,"column":57}},"type":"binary-expr","locations":[{"start":{"line":1131,"column":34},"end":{"line":1131,"column":47}},{"start":{"line":1131,"column":51},"end":{"line":1131,"column":57}}],"line":1131},"259":{"loc":{"start":{"line":1135,"column":12},"end":{"line":1142,"column":13}},"type":"if","locations":[{"start":{"line":1135,"column":12},"end":{"line":1142,"column":13}},{"start":{},"end":{}}],"line":1135},"260":{"loc":{"start":{"line":1137,"column":40},"end":{"line":1137,"column":54}},"type":"binary-expr","locations":[{"start":{"line":1137,"column":40},"end":{"line":1137,"column":49}},{"start":{"line":1137,"column":53},"end":{"line":1137,"column":54}}],"line":1137},"261":{"loc":{"start":{"line":1144,"column":12},"end":{"line":1151,"column":13}},"type":"if","locations":[{"start":{"line":1144,"column":12},"end":{"line":1151,"column":13}},{"start":{},"end":{}}],"line":1144},"262":{"loc":{"start":{"line":1146,"column":40},"end":{"line":1146,"column":54}},"type":"binary-expr","locations":[{"start":{"line":1146,"column":40},"end":{"line":1146,"column":49}},{"start":{"line":1146,"column":53},"end":{"line":1146,"column":54}}],"line":1146},"263":{"loc":{"start":{"line":1162,"column":8},"end":{"line":1162,"column":44}},"type":"if","locations":[{"start":{"line":1162,"column":8},"end":{"line":1162,"column":44}},{"start":{},"end":{}}],"line":1162},"264":{"loc":{"start":{"line":1163,"column":8},"end":{"line":1163,"column":44}},"type":"if","locations":[{"start":{"line":1163,"column":8},"end":{"line":1163,"column":44}},{"start":{},"end":{}}],"line":1163},"265":{"loc":{"start":{"line":1164,"column":8},"end":{"line":1164,"column":59}},"type":"if","locations":[{"start":{"line":1164,"column":8},"end":{"line":1164,"column":59}},{"start":{},"end":{}}],"line":1164},"266":{"loc":{"start":{"line":1172,"column":8},"end":{"line":1172,"column":46}},"type":"if","locations":[{"start":{"line":1172,"column":8},"end":{"line":1172,"column":46}},{"start":{},"end":{}}],"line":1172},"267":{"loc":{"start":{"line":1172,"column":12},"end":{"line":1172,"column":32}},"type":"binary-expr","locations":[{"start":{"line":1172,"column":12},"end":{"line":1172,"column":18}},{"start":{"line":1172,"column":22},"end":{"line":1172,"column":32}}],"line":1172},"268":{"loc":{"start":{"line":1181,"column":8},"end":{"line":1181,"column":36}},"type":"if","locations":[{"start":{"line":1181,"column":8},"end":{"line":1181,"column":36}},{"start":{},"end":{}}],"line":1181},"269":{"loc":{"start":{"line":1212,"column":15},"end":{"line":1212,"column":39}},"type":"binary-expr","locations":[{"start":{"line":1212,"column":15},"end":{"line":1212,"column":34}},{"start":{"line":1212,"column":38},"end":{"line":1212,"column":39}}],"line":1212}},"s":{"0":0,"1":0,"2":0,"3":0,"4":0,"5":0,"6":0,"7":0,"8":0,"9":0,"10":0,"11":0,"12":0,"13":0,"14":0,"15":0,"16":0,"17":0,"18":0,"19":0,"20":0,"21":0,"22":0,"23":0,"24":0,"25":0,"26":0,"27":0,"28":0,"29":0,"30":0,"31":0,"32":0,"33":0,"34":0,"35":0,"36":0,"37":0,"38":0,"39":0,"40":0,"41":0,"42":0,"43":0,"44":0,"45":0,"46":0,"47":0,"48":0,"49":0,"50":0,"51":0,"52":0,"53":0,"54":0,"55":0,"56":0,"57":0,"58":0,"59":0,"60":0,"61":0,"62":0,"63":0,"64":0,"65":0,"66":0,"67":0,"68":0,"69":0,"70":0,"71":0,"72":0,"73":0,"74":0,"75":0,"76":0,"77":0,"78":0,"79":0,"80":0,"81":0,"82":0,"83":0,"84":0,"85":0,"86":0,"87":0,"88":0,"89":0,"90":0,"91":0,"92":0,"93":0,"94":0,"95":0,"96":0,"97":0,"98":0,"99":0,"100":0,"101":0,"102":0,"103":0,"104":0,"105":0,"106":0,"107":0,"108":0,"109":0,"110":0,"111":0,"112":0,"113":0,"114":0,"115":0,"116":0,"117":0,"118":0,"119":0,"120":0,"121":0,"122":0,"123":0,"124":0,"125":0,"126":0,"127":0,"128":0,"129":0,"130":0,"131":0,"132":0,"133":0,"134":0,"135":0,"136":0,"137":0,"138":0,"139":0,"140":0,"141":0,"142":0,"143":0,"144":0,"145":0,"146":0,"147":0,"148":0,"149":0,"150":0,"151":0,"152":0,"153":0,"154":0,"155":0,"156":0,"157":0,"158":0,"159":0,"160":0,"161":0,"162":0,"163":0,"164":0,"165":0,"166":0,"167":0,"168":0,"169":0,"170":0,"171":0,"172":0,"173":0,"174":0,"175":0,"176":0,"177":0,"178":0,"179":0,"180":0,"181":0,"182":0,"183":0,"184":0,"185":0,"186":0,"187":0,"188":0,"189":0,"190":0,"191":0,"192":0,"193":0,"194":0,"195":0,"196":0,"197":0,"198":0,"199":0,"200":0,"201":0,"202":0,"203":0,"204":0,"205":0,"206":0,"207":0,"208":0,"209":0,"210":0,"211":0,"212":0,"213":0,"214":0,"215":0,"216":0,"217":0,"218":0,"219":0,"220":0,"221":0,"222":0,"223":0,"224":0,"225":0,"226":0,"227":0,"228":0,"229":0,"230":0,"231":0,"232":0,"233":0,"234":0,"235":0,"236":0,"237":0,"238":0,"239":0,"240":0,"241":0,"242":0,"243":0,"244":0,"245":0,"246":0,"247":0,"248":0,"249":0,"250":0,"251":0,"252":0,"253":0,"254":0,"255":0,"256":0,"257":0,"258":0,"259":0,"260":0,"261":0,"262":0,"263":0,"264":0,"265":0,"266":0,"267":0,"268":0,"269":0,"270":0,"271":0,"272":0,"273":0,"274":0,"275":0,"276":0,"277":0,"278":0,"279":0,"280":0,"281":0,"282":0,"283":0,"284":0,"285":0,"286":0,"287":0,"288":0,"289":0,"290":0,"291":0,"292":0,"293":0,"294":0,"295":0,"296":0,"297":0,"298":0,"299":0,"300":0,"301":0,"302":0,"303":0,"304":0,"305":0,"306":0,"307":0,"308":0,"309":0,"310":0,"311":0,"312":0,"313":0,"314":0,"315":0,"316":0,"317":0,"318":0,"319":0,"320":0,"321":0,"322":0,"323":0,"324":0,"325":0,"326":0,"327":0,"328":0,"329":0,"330":0,"331":0,"332":0,"333":0,"334":0,"335":0,"336":0,"337":0,"338":0,"339":0,"340":0,"341":0,"342":0,"343":0,"344":0,"345":0,"346":0,"347":0,"348":0,"349":0,"350":0,"351":0,"352":0,"353":0,"354":0,"355":0,"356":0,"357":0,"358":0,"359":0,"360":0,"361":0,"362":0,"363":0,"364":0,"365":0,"366":0,"367":0,"368":0,"369":0,"370":0,"371":0,"372":0,"373":0,"374":0,"375":0,"376":0,"377":0,"378":0,"379":0,"380":0,"381":0,"382":0,"383":0,"384":0,"385":0,"386":0,"387":0,"388":0,"389":0,"390":0,"391":0,"392":0,"393":0,"394":0,"395":0,"396":0,"397":0,"398":0,"399":0,"400":0,"401":0,"402":0,"403":0,"404":0,"405":0,"406":0,"407":0,"408":0,"409":0,"410":0,"411":0,"412":0,"413":0,"414":0,"415":0,"416":0,"417":0,"418":0,"419":0,"420":0,"421":0,"422":0,"423":0,"424":0,"425":0,"426":0,"427":0,"428":0,"429":0,"430":0,"431":0,"432":0,"433":0,"434":0,"435":0,"436":0,"437":0,"438":0,"439":0,"440":0,"441":0,"442":0,"443":0,"444":0,"445":0,"446":0,"447":0,"448":0,"449":0,"450":0,"451":0,"452":0,"453":0,"454":0,"455":0,"456":0,"457":0,"458":0,"459":0,"460":0,"461":0,"462":0,"463":0,"464":0,"465":0,"466":0,"467":0,"468":0,"469":0,"470":0,"471":0,"472":0,"473":0,"474":0,"475":0,"476":0,"477":0,"478":0,"479":0,"480":0,"481":0,"482":0,"483":0},"f":{"0":0,"1":0,"2":0,"3":0,"4":0,"5":0,"6":0,"7":0,"8":0,"9":0,"10":0,"11":0,"12":0,"13":0,"14":0,"15":0,"16":0,"17":0,"18":0,"19":0,"20":0,"21":0,"22":0,"23":0,"24":0,"25":0,"26":0,"27":0,"28":0},"b":{"0":[0,0],"1":[0,0],"2":[0,0],"3":[0,0,0],"4":[0,0],"5":[0,0],"6":[0,0],"7":[0,0],"8":[0,0],"9":[0,0],"10":[0,0,0],"11":[0,0],"12":[0,0],"13":[0,0],"14":[0,0],"15":[0,0],"16":[0,0],"17":[0,0],"18":[0,0],"19":[0,0],"20":[0,0],"21":[0,0],"22":[0,0],"23":[0,0],"24":[0,0],"25":[0,0],"26":[0,0],"27":[0,0],"28":[0,0],"29":[0,0],"30":[0,0],"31":[0,0,0],"32":[0,0],"33":[0,0],"34":[0,0],"35":[0,0],"36":[0,0],"37":[0,0,0,0],"38":[0,0],"39":[0,0],"40":[0,0],"41":[0,0],"42":[0,0],"43":[0,0],"44":[0,0],"45":[0,0],"46":[0,0],"47":[0,0],"48":[0,0],"49":[0,0,0],"50":[0,0],"51":[0,0],"52":[0,0],"53":[0,0],"54":[0,0],"55":[0,0,0,0],"56":[0,0],"57":[0,0],"58":[0,0],"59":[0,0],"60":[0,0],"61":[0,0],"62":[0,0,0,0],"63":[0,0],"64":[0,0],"65":[0,0],"66":[0,0],"67":[0,0],"68":[0,0],"69":[0,0,0,0],"70":[0,0],"71":[0,0,0,0],"72":[0,0],"73":[0,0],"74":[0,0],"75":[0,0],"76":[0,0],"77":[0,0],"78":[0,0,0,0],"79":[0,0],"80":[0,0,0,0],"81":[0,0],"82":[0,0],"83":[0,0],"84":[0,0],"85":[0,0],"86":[0,0],"87":[0,0],"88":[0,0],"89":[0,0],"90":[0,0],"91":[0,0],"92":[0,0],"93":[0,0],"94":[0,0],"95":[0,0],"96":[0,0],"97":[0,0],"98":[0,0],"99":[0,0],"100":[0,0],"101":[0,0],"102":[0,0],"103":[0,0],"104":[0,0],"105":[0,0],"106":[0,0],"107":[0,0],"108":[0,0],"109":[0,0],"110":[0,0],"111":[0,0],"112":[0,0],"113":[0,0],"114":[0,0],"115":[0,0],"116":[0,0],"117":[0,0],"118":[0,0],"119":[0,0],"120":[0,0,0],"121":[0,0],"122":[0,0],"123":[0,0],"124":[0,0],"125":[0,0],"126":[0,0],"127":[0,0],"128":[0,0],"129":[0,0],"130":[0,0],"131":[0,0],"132":[0,0],"133":[0,0],"134":[0,0],"135":[0,0],"136":[0,0],"137":[0,0],"138":[0,0],"139":[0,0],"140":[0,0,0],"141":[0,0],"142":[0,0],"143":[0,0],"144":[0,0],"145":[0,0],"146":[0,0],"147":[0,0],"148":[0,0],"149":[0,0],"150":[0,0],"151":[0,0],"152":[0,0],"153":[0,0],"154":[0,0],"155":[0,0],"156":[0,0],"157":[0,0],"158":[0,0],"159":[0,0],"160":[0,0],"161":[0,0],"162":[0,0,0],"163":[0,0],"164":[0,0],"165":[0,0],"166":[0,0],"167":[0,0],"168":[0,0],"169":[0,0],"170":[0,0,0],"171":[0,0],"172":[0,0,0],"173":[0,0],"174":[0,0,0],"175":[0,0],"176":[0,0],"177":[0,0],"178":[0,0],"179":[0,0,0],"180":[0,0],"181":[0,0],"182":[0,0],"183":[0,0],"184":[0,0],"185":[0,0],"186":[0,0],"187":[0,0,0],"188":[0,0],"189":[0,0],"190":[0,0],"191":[0,0],"192":[0,0],"193":[0,0],"194":[0,0],"195":[0,0],"196":[0,0],"197":[0,0],"198":[0,0],"199":[0,0],"200":[0,0],"201":[0,0],"202":[0,0],"203":[0,0],"204":[0,0],"205":[0,0],"206":[0,0],"207":[0,0],"208":[0,0],"209":[0,0,0],"210":[0,0],"211":[0,0],"212":[0,0],"213":[0,0],"214":[0,0],"215":[0,0],"216":[0,0,0],"217":[0,0],"218":[0,0],"219":[0,0],"220":[0,0],"221":[0,0],"222":[0,0],"223":[0,0],"224":[0,0],"225":[0,0],"226":[0,0],"227":[0,0],"228":[0,0],"229":[0,0],"230":[0,0],"231":[0,0],"232":[0,0],"233":[0,0],"234":[0,0],"235":[0,0],"236":[0,0],"237":[0,0],"238":[0,0],"239":[0,0],"240":[0,0],"241":[0,0],"242":[0,0],"243":[0,0],"244":[0,0],"245":[0,0],"246":[0,0],"247":[0,0],"248":[0,0],"249":[0,0],"250":[0,0],"251":[0,0],"252":[0,0],"253":[0,0],"254":[0,0],"255":[0,0],"256":[0,0],"257":[0,0],"258":[0,0],"259":[0,0],"260":[0,0],"261":[0,0],"262":[0,0],"263":[0,0],"264":[0,0],"265":[0,0],"266":[0,0],"267":[0,0],"268":[0,0],"269":[0,0]}}
}
