TN:
SF:src\js\battle_planner.js
FN:10,generateUUID
FN:11,(anonymous_1)
FN:21,safeGetValue
FN:42,extractPokemonStats
FN:75,extractMaxHP
FN:120,extractCurHP
FN:146,PokemonSnapshot
FN:262,(anonymous_7)
FN:275,(anonymous_8)
FN:288,(anonymous_9)
FN:316,(anonymous_10)
FN:323,(anonymous_11)
FN:329,(anonymous_12)
FN:336,(anonymous_13)
FN:342,(anonymous_14)
FN:352,(anonymous_15)
FN:387,(anonymous_16)
FN:402,BattleStateSnapshot
FN:462,(anonymous_18)
FN:468,(anonymous_19)
FN:473,(anonymous_20)
FN:491,(anonymous_21)
FN:509,(anonymous_22)
FN:535,BattleAction
FN:552,(anonymous_24)
FN:570,BattleOutcome
FN:585,(anonymous_26)
FN:598,BattleNode
FN:624,(anonymous_28)
FN:628,(anonymous_29)
FN:644,(anonymous_30)
FN:651,BattleTree
FN:665,(anonymous_32)
FN:681,(anonymous_33)
FN:685,(anonymous_34)
FN:689,(anonymous_35)
FN:696,(anonymous_36)
FN:725,(anonymous_37)
FN:736,(anonymous_38)
FN:744,(anonymous_39)
FN:754,(anonymous_40)
FN:779,(anonymous_41)
FN:797,(anonymous_42)
FN:811,(anonymous_43)
FN:817,(anonymous_44)
FN:825,(anonymous_45)
FN:838,(anonymous_46)
FN:840,(anonymous_47)
FN:842,(anonymous_48)
FN:847,(anonymous_49)
FN:851,(anonymous_50)
FN:860,(anonymous_51)
FN:872,(anonymous_52)
FN:900,(anonymous_53)
FN:910,(anonymous_54)
FN:915,(anonymous_55)
FN:925,(anonymous_56)
FN:930,(anonymous_57)
FN:936,(anonymous_58)
FN:950,(anonymous_59)
FNF:60
FNH:0
FNDA:0,generateUUID
FNDA:0,(anonymous_1)
FNDA:0,safeGetValue
FNDA:0,extractPokemonStats
FNDA:0,extractMaxHP
FNDA:0,extractCurHP
FNDA:0,PokemonSnapshot
FNDA:0,(anonymous_7)
FNDA:0,(anonymous_8)
FNDA:0,(anonymous_9)
FNDA:0,(anonymous_10)
FNDA:0,(anonymous_11)
FNDA:0,(anonymous_12)
FNDA:0,(anonymous_13)
FNDA:0,(anonymous_14)
FNDA:0,(anonymous_15)
FNDA:0,(anonymous_16)
FNDA:0,BattleStateSnapshot
FNDA:0,(anonymous_18)
FNDA:0,(anonymous_19)
FNDA:0,(anonymous_20)
FNDA:0,(anonymous_21)
FNDA:0,(anonymous_22)
FNDA:0,BattleAction
FNDA:0,(anonymous_24)
FNDA:0,BattleOutcome
FNDA:0,(anonymous_26)
FNDA:0,BattleNode
FNDA:0,(anonymous_28)
FNDA:0,(anonymous_29)
FNDA:0,(anonymous_30)
FNDA:0,BattleTree
FNDA:0,(anonymous_32)
FNDA:0,(anonymous_33)
FNDA:0,(anonymous_34)
FNDA:0,(anonymous_35)
FNDA:0,(anonymous_36)
FNDA:0,(anonymous_37)
FNDA:0,(anonymous_38)
FNDA:0,(anonymous_39)
FNDA:0,(anonymous_40)
FNDA:0,(anonymous_41)
FNDA:0,(anonymous_42)
FNDA:0,(anonymous_43)
FNDA:0,(anonymous_44)
FNDA:0,(anonymous_45)
FNDA:0,(anonymous_46)
FNDA:0,(anonymous_47)
FNDA:0,(anonymous_48)
FNDA:0,(anonymous_49)
FNDA:0,(anonymous_50)
FNDA:0,(anonymous_51)
FNDA:0,(anonymous_52)
FNDA:0,(anonymous_53)
FNDA:0,(anonymous_54)
FNDA:0,(anonymous_55)
FNDA:0,(anonymous_56)
FNDA:0,(anonymous_57)
FNDA:0,(anonymous_58)
FNDA:0,(anonymous_59)
DA:11,0
DA:12,0
DA:13,0
DA:14,0
DA:22,0
DA:23,0
DA:24,0
DA:26,0
DA:27,0
DA:30,0
DA:31,0
DA:33,0
DA:35,0
DA:43,0
DA:45,0
DA:50,0
DA:51,0
DA:52,0
DA:53,0
DA:54,0
DA:55,0
DA:56,0
DA:60,0
DA:61,0
DA:62,0
DA:63,0
DA:64,0
DA:65,0
DA:66,0
DA:69,0
DA:76,0
DA:79,0
DA:82,0
DA:83,0
DA:86,0
DA:87,0
DA:88,0
DA:89,0
DA:90,0
DA:93,0
DA:94,0
DA:96,0
DA:101,0
DA:102,0
DA:103,0
DA:104,0
DA:110,0
DA:111,0
DA:114,0
DA:121,0
DA:123,0
DA:126,0
DA:127,0
DA:128,0
DA:129,0
DA:134,0
DA:135,0
DA:136,0
DA:140,0
DA:147,0
DA:148,0
DA:149,0
DA:150,0
DA:151,0
DA:152,0
DA:153,0
DA:154,0
DA:155,0
DA:156,0
DA:157,0
DA:158,0
DA:159,0
DA:160,0
DA:161,0
DA:162,0
DA:163,0
DA:164,0
DA:165,0
DA:166,0
DA:167,0
DA:168,0
DA:169,0
DA:170,0
DA:171,0
DA:175,0
DA:176,0
DA:177,0
DA:180,0
DA:181,0
DA:182,0
DA:185,0
DA:186,0
DA:187,0
DA:190,0
DA:191,0
DA:202,0
DA:203,0
DA:204,0
DA:207,0
DA:208,0
DA:209,0
DA:210,0
DA:211,0
DA:215,0
DA:216,0
DA:219,0
DA:220,0
DA:221,0
DA:222,0
DA:223,0
DA:224,0
DA:225,0
DA:226,0
DA:231,0
DA:232,0
DA:233,0
DA:237,0
DA:238,0
DA:241,0
DA:242,0
DA:243,0
DA:244,0
DA:245,0
DA:248,0
DA:249,0
DA:250,0
DA:255,0
DA:256,0
DA:259,0
DA:262,0
DA:263,0
DA:272,0
DA:275,0
DA:276,0
DA:285,0
DA:288,0
DA:289,0
DA:290,0
DA:291,0
DA:292,0
DA:293,0
DA:294,0
DA:295,0
DA:296,0
DA:297,0
DA:298,0
DA:299,0
DA:300,0
DA:301,0
DA:302,0
DA:303,0
DA:304,0
DA:305,0
DA:306,0
DA:307,0
DA:308,0
DA:309,0
DA:310,0
DA:311,0
DA:312,0
DA:313,0
DA:316,0
DA:317,0
DA:318,0
DA:319,0
DA:320,0
DA:323,0
DA:324,0
DA:325,0
DA:326,0
DA:329,0
DA:330,0
DA:331,0
DA:333,0
DA:336,0
DA:337,0
DA:338,0
DA:339,0
DA:342,0
DA:343,0
DA:344,0
DA:346,0
DA:352,0
DA:353,0
DA:354,0
DA:357,0
DA:358,0
DA:359,0
DA:360,0
DA:361,0
DA:364,0
DA:367,0
DA:368,0
DA:372,0
DA:373,0
DA:377,0
DA:378,0
DA:381,0
DA:387,0
DA:388,0
DA:389,0
DA:390,0
DA:391,0
DA:392,0
DA:393,0
DA:396,0
DA:403,0
DA:404,0
DA:409,0
DA:414,0
DA:426,0
DA:462,0
DA:463,0
DA:464,0
DA:467,0
DA:468,0
DA:469,0
DA:472,0
DA:473,0
DA:474,0
DA:477,0
DA:480,0
DA:485,0
DA:491,0
DA:492,0
DA:493,0
DA:496,0
DA:498,0
DA:509,0
DA:510,0
DA:511,0
DA:513,0
DA:514,0
DA:517,0
DA:518,0
DA:519,0
DA:521,0
DA:524,0
DA:525,0
DA:527,0
DA:536,0
DA:537,0
DA:540,0
DA:541,0
DA:542,0
DA:545,0
DA:546,0
DA:549,0
DA:552,0
DA:553,0
DA:555,0
DA:557,0
DA:559,0
DA:561,0
DA:563,0
DA:571,0
DA:572,0
DA:573,0
DA:574,0
DA:575,0
DA:578,0
DA:579,0
DA:580,0
DA:581,0
DA:582,0
DA:585,0
DA:586,0
DA:587,0
DA:588,0
DA:589,0
DA:590,0
DA:591,0
DA:592,0
DA:599,0
DA:600,0
DA:601,0
DA:604,0
DA:607,0
DA:613,0
DA:616,0
DA:617,0
DA:618,0
DA:619,0
DA:620,0
DA:621,0
DA:624,0
DA:625,0
DA:628,0
DA:629,0
DA:631,0
DA:632,0
DA:634,0
DA:635,0
DA:637,0
DA:638,0
DA:641,0
DA:644,0
DA:645,0
DA:652,0
DA:653,0
DA:654,0
DA:655,0
DA:656,0
DA:659,0
DA:660,0
DA:661,0
DA:662,0
DA:665,0
DA:666,0
DA:667,0
DA:669,0
DA:670,0
DA:671,0
DA:672,0
DA:673,0
DA:674,0
DA:675,0
DA:677,0
DA:678,0
DA:681,0
DA:682,0
DA:685,0
DA:686,0
DA:689,0
DA:690,0
DA:694,0
DA:696,0
DA:697,0
DA:698,0
DA:700,0
DA:703,0
DA:704,0
DA:708,0
DA:709,0
DA:713,0
DA:714,0
DA:718,0
DA:719,0
DA:721,0
DA:722,0
DA:725,0
DA:726,0
DA:727,0
DA:729,0
DA:730,0
DA:731,0
DA:733,0
DA:736,0
DA:737,0
DA:738,0
DA:741,0
DA:744,0
DA:745,0
DA:746,0
DA:747,0
DA:748,0
DA:749,0
DA:751,0
DA:754,0
DA:755,0
DA:756,0
DA:757,0
DA:758,0
DA:761,0
DA:763,0
DA:764,0
DA:766,0
DA:771,0
DA:773,0
DA:774,0
DA:776,0
DA:779,0
DA:780,0
DA:781,0
DA:782,0
DA:785,0
DA:786,0
DA:788,0
DA:789,0
DA:790,0
DA:791,0
DA:792,0
DA:796,0
DA:797,0
DA:798,0
DA:801,0
DA:802,0
DA:805,0
DA:806,0
DA:808,0
DA:811,0
DA:812,0
DA:813,0
DA:814,0
DA:816,0
DA:817,0
DA:818,0
DA:819,0
DA:822,0
DA:825,0
DA:826,0
DA:827,0
DA:829,0
DA:830,0
DA:831,0
DA:832,0
DA:835,0
DA:838,0
DA:839,0
DA:840,0
DA:841,0
DA:843,0
DA:847,0
DA:848,0
DA:851,0
DA:852,0
DA:860,0
DA:861,0
DA:862,0
DA:863,0
DA:864,0
DA:867,0
DA:868,0
DA:869,0
DA:871,0
DA:872,0
DA:873,0
DA:874,0
DA:876,0
DA:877,0
DA:878,0
DA:879,0
DA:881,0
DA:882,0
DA:886,0
DA:889,0
DA:890,0
DA:892,0
DA:893,0
DA:895,0
DA:896,0
DA:900,0
DA:901,0
DA:902,0
DA:903,0
DA:905,0
DA:910,0
DA:911,0
DA:912,0
DA:914,0
DA:915,0
DA:916,0
DA:917,0
DA:918,0
DA:922,0
DA:925,0
DA:926,0
DA:927,0
DA:930,0
DA:931,0
DA:932,0
DA:935,0
DA:936,0
DA:937,0
DA:938,0
DA:939,0
DA:941,0
DA:950,0
DA:952,0
DA:953,0
DA:954,0
DA:955,0
DA:956,0
DA:959,0
DA:967,0
LF:475
LH:0
BRDA:13,0,0,0
BRDA:13,0,1,0
BRDA:22,1,0,0
BRDA:22,1,1,0
BRDA:26,2,0,0
BRDA:26,2,1,0
BRDA:30,3,0,0
BRDA:30,3,1,0
BRDA:30,4,0,0
BRDA:30,4,1,0
BRDA:30,4,2,0
BRDA:30,4,3,0
BRDA:43,5,0,0
BRDA:43,5,1,0
BRDA:50,6,0,0
BRDA:50,6,1,0
BRDA:60,7,0,0
BRDA:60,7,1,0
BRDA:76,8,0,0
BRDA:76,8,1,0
BRDA:82,9,0,0
BRDA:82,9,1,0
BRDA:82,10,0,0
BRDA:82,10,1,0
BRDA:86,11,0,0
BRDA:86,11,1,0
BRDA:86,12,0,0
BRDA:86,12,1,0
BRDA:87,13,0,0
BRDA:87,13,1,0
BRDA:88,14,0,0
BRDA:88,14,1,0
BRDA:89,15,0,0
BRDA:89,15,1,0
BRDA:89,15,2,0
BRDA:90,16,0,0
BRDA:90,16,1,0
BRDA:90,16,2,0
BRDA:93,17,0,0
BRDA:93,17,1,0
BRDA:103,18,0,0
BRDA:103,18,1,0
BRDA:103,19,0,0
BRDA:103,19,1,0
BRDA:103,19,2,0
BRDA:110,20,0,0
BRDA:110,20,1,0
BRDA:110,21,0,0
BRDA:110,21,1,0
BRDA:121,22,0,0
BRDA:121,22,1,0
BRDA:128,23,0,0
BRDA:128,23,1,0
BRDA:128,24,0,0
BRDA:128,24,1,0
BRDA:134,25,0,0
BRDA:134,25,1,0
BRDA:134,26,0,0
BRDA:134,26,1,0
BRDA:147,27,0,0
BRDA:147,27,1,0
BRDA:176,28,0,0
BRDA:176,28,1,0
BRDA:182,29,0,0
BRDA:182,29,1,0
BRDA:186,30,0,0
BRDA:186,30,1,0
BRDA:208,31,0,0
BRDA:208,31,1,0
BRDA:209,32,0,0
BRDA:209,32,1,0
BRDA:210,33,0,0
BRDA:210,33,1,0
BRDA:210,34,0,0
BRDA:210,34,1,0
BRDA:223,35,0,0
BRDA:223,35,1,0
BRDA:225,36,0,0
BRDA:225,36,1,0
BRDA:225,37,0,0
BRDA:225,37,1,0
BRDA:237,38,0,0
BRDA:237,38,1,0
BRDA:243,39,0,0
BRDA:243,39,1,0
BRDA:248,40,0,0
BRDA:248,40,1,0
BRDA:272,41,0,0
BRDA:272,41,1,0
BRDA:272,41,2,0
BRDA:285,42,0,0
BRDA:285,42,1,0
BRDA:318,43,0,0
BRDA:318,43,1,0
BRDA:325,44,0,0
BRDA:325,44,1,0
BRDA:330,45,0,0
BRDA:330,45,1,0
BRDA:337,46,0,0
BRDA:337,46,1,0
BRDA:338,47,0,0
BRDA:338,47,1,0
BRDA:338,48,0,0
BRDA:338,48,1,0
BRDA:343,49,0,0
BRDA:343,49,1,0
BRDA:343,50,0,0
BRDA:343,50,1,0
BRDA:353,51,0,0
BRDA:353,51,1,0
BRDA:354,52,0,0
BRDA:354,52,1,0
BRDA:358,53,0,0
BRDA:358,53,1,0
BRDA:360,54,0,0
BRDA:360,54,1,0
BRDA:367,55,0,0
BRDA:367,55,1,0
BRDA:372,56,0,0
BRDA:372,56,1,0
BRDA:377,57,0,0
BRDA:377,57,1,0
BRDA:377,58,0,0
BRDA:377,58,1,0
BRDA:391,59,0,0
BRDA:391,59,1,0
BRDA:391,60,0,0
BRDA:391,60,1,0
BRDA:393,61,0,0
BRDA:393,61,1,0
BRDA:396,62,0,0
BRDA:396,62,1,0
BRDA:467,63,0,0
BRDA:467,63,1,0
BRDA:472,64,0,0
BRDA:472,64,1,0
BRDA:492,65,0,0
BRDA:492,65,1,0
BRDA:493,66,0,0
BRDA:493,66,1,0
BRDA:501,67,0,0
BRDA:501,67,1,0
BRDA:502,68,0,0
BRDA:502,68,1,0
BRDA:510,69,0,0
BRDA:510,69,1,0
BRDA:511,70,0,0
BRDA:511,70,1,0
BRDA:513,71,0,0
BRDA:513,71,1,0
BRDA:517,72,0,0
BRDA:517,72,1,0
BRDA:518,73,0,0
BRDA:518,73,1,0
BRDA:524,74,0,0
BRDA:524,74,1,0
BRDA:537,75,0,0
BRDA:537,75,1,0
BRDA:540,76,0,0
BRDA:540,76,1,0
BRDA:541,77,0,0
BRDA:541,77,1,0
BRDA:542,78,0,0
BRDA:542,78,1,0
BRDA:545,79,0,0
BRDA:545,79,1,0
BRDA:546,80,0,0
BRDA:546,80,1,0
BRDA:549,81,0,0
BRDA:549,81,1,0
BRDA:553,82,0,0
BRDA:553,82,1,0
BRDA:553,82,2,0
BRDA:553,82,3,0
BRDA:553,82,4,0
BRDA:555,83,0,0
BRDA:555,83,1,0
BRDA:557,84,0,0
BRDA:557,84,1,0
BRDA:559,85,0,0
BRDA:559,85,1,0
BRDA:571,86,0,0
BRDA:571,86,1,0
BRDA:572,87,0,0
BRDA:572,87,1,0
BRDA:573,88,0,0
BRDA:573,88,1,0
BRDA:575,89,0,0
BRDA:575,89,1,0
BRDA:578,90,0,0
BRDA:578,90,1,0
BRDA:578,90,2,0
BRDA:579,91,0,0
BRDA:579,91,1,0
BRDA:579,91,2,0
BRDA:580,92,0,0
BRDA:580,92,1,0
BRDA:580,92,2,0
BRDA:581,93,0,0
BRDA:581,93,1,0
BRDA:581,93,2,0
BRDA:582,94,0,0
BRDA:582,94,1,0
BRDA:582,94,2,0
BRDA:587,95,0,0
BRDA:587,95,1,0
BRDA:588,96,0,0
BRDA:588,96,1,0
BRDA:589,97,0,0
BRDA:589,97,1,0
BRDA:590,98,0,0
BRDA:590,98,1,0
BRDA:591,99,0,0
BRDA:591,99,1,0
BRDA:592,100,0,0
BRDA:592,100,1,0
BRDA:600,101,0,0
BRDA:600,101,1,0
BRDA:604,102,0,0
BRDA:604,102,1,0
BRDA:608,103,0,0
BRDA:608,103,1,0
BRDA:608,103,2,0
BRDA:609,104,0,0
BRDA:609,104,1,0
BRDA:609,104,2,0
BRDA:613,105,0,0
BRDA:613,105,1,0
BRDA:631,106,0,0
BRDA:631,106,1,0
BRDA:631,107,0,0
BRDA:631,107,1,0
BRDA:634,108,0,0
BRDA:634,108,1,0
BRDA:634,109,0,0
BRDA:634,109,1,0
BRDA:637,110,0,0
BRDA:637,110,1,0
BRDA:637,111,0,0
BRDA:637,111,1,0
BRDA:682,112,0,0
BRDA:682,112,1,0
BRDA:698,113,0,0
BRDA:698,113,1,0
BRDA:703,114,0,0
BRDA:703,114,1,0
BRDA:708,115,0,0
BRDA:708,115,1,0
BRDA:708,116,0,0
BRDA:708,116,1,0
BRDA:713,117,0,0
BRDA:713,117,1,0
BRDA:729,118,0,0
BRDA:729,118,1,0
BRDA:729,119,0,0
BRDA:729,119,1,0
BRDA:730,120,0,0
BRDA:730,120,1,0
BRDA:738,121,0,0
BRDA:738,121,1,0
BRDA:745,122,0,0
BRDA:745,122,1,0
BRDA:756,123,0,0
BRDA:756,123,1,0
BRDA:781,124,0,0
BRDA:781,124,1,0
BRDA:781,125,0,0
BRDA:781,125,1,0
BRDA:789,126,0,0
BRDA:789,126,1,0
BRDA:791,127,0,0
BRDA:791,127,1,0
BRDA:801,128,0,0
BRDA:801,128,1,0
BRDA:802,129,0,0
BRDA:802,129,1,0
BRDA:814,130,0,0
BRDA:814,130,1,0
BRDA:832,131,0,0
BRDA:832,131,1,0
BRDA:863,132,0,0
BRDA:863,132,1,0
BRDA:876,133,0,0
BRDA:876,133,1,0
BRDA:878,134,0,0
BRDA:878,134,1,0
BRDA:881,135,0,0
BRDA:881,135,1,0
BRDA:901,136,0,0
BRDA:901,136,1,0
BRDA:917,137,0,0
BRDA:917,137,1,0
BRDA:917,138,0,0
BRDA:917,138,1,0
BRDA:917,138,2,0
BRDA:927,139,0,0
BRDA:927,139,1,0
BRDA:937,140,0,0
BRDA:937,140,1,0
BRDA:938,141,0,0
BRDA:938,141,1,0
BRDA:952,142,0,0
BRDA:952,142,1,0
BRDA:955,143,0,0
BRDA:955,143,1,0
BRDA:956,144,0,0
BRDA:956,144,1,0
BRDA:956,145,0,0
BRDA:956,145,1,0
BRF:309
BRH:0
end_of_record
TN:
SF:src\js\battle_planner_logic.js
FN:8,(anonymous_0)
FN:27,getMovePriority
FN:50,resolveSpeedOrder
FN:75,applyEndOfTurnEffects
FN:78,(anonymous_4)
FN:118,(anonymous_5)
FN:165,(anonymous_6)
FN:195,(anonymous_7)
FN:226,(anonymous_8)
FN:256,(anonymous_9)
FN:270,applyEntryHazards
FN:332,getHazardEffectiveness
FN:356,applyMoveEffects
FN:402,performSwitch
FNF:14
FNH:0
FNDA:0,(anonymous_0)
FNDA:0,getMovePriority
FNDA:0,resolveSpeedOrder
FNDA:0,applyEndOfTurnEffects
FNDA:0,(anonymous_4)
FNDA:0,(anonymous_5)
FNDA:0,(anonymous_6)
FNDA:0,(anonymous_7)
FNDA:0,(anonymous_8)
FNDA:0,(anonymous_9)
FNDA:0,applyEntryHazards
FNDA:0,getHazardEffectiveness
FNDA:0,applyMoveEffects
FNDA:0,performSwitch
DA:8,0
DA:11,0
DA:28,0
DA:30,0
DA:31,0
DA:32,0
DA:33,0
DA:34,0
DA:35,0
DA:36,0
DA:41,0
DA:51,0
DA:52,0
DA:53,0
DA:56,0
DA:58,0
DA:59,0
DA:61,0
DA:63,0
DA:66,0
DA:67,0
DA:68,0
DA:76,0
DA:78,0
DA:79,0
DA:80,0
DA:82,0
DA:83,0
DA:84,0
DA:85,0
DA:87,0
DA:88,0
DA:89,0
DA:90,0
DA:91,0
DA:92,0
DA:93,0
DA:94,0
DA:95,0
DA:96,0
DA:99,0
DA:102,0
DA:103,0
DA:106,0
DA:107,0
DA:108,0
DA:115,0
DA:116,0
DA:118,0
DA:119,0
DA:120,0
DA:122,0
DA:123,0
DA:124,0
DA:125,0
DA:126,0
DA:128,0
DA:129,0
DA:132,0
DA:133,0
DA:134,0
DA:135,0
DA:136,0
DA:139,0
DA:140,0
DA:141,0
DA:143,0
DA:144,0
DA:145,0
DA:146,0
DA:147,0
DA:150,0
DA:151,0
DA:152,0
DA:156,0
DA:157,0
DA:158,0
DA:159,0
DA:165,0
DA:166,0
DA:167,0
DA:169,0
DA:170,0
DA:172,0
DA:173,0
DA:174,0
DA:175,0
DA:176,0
DA:178,0
DA:179,0
DA:180,0
DA:181,0
DA:182,0
DA:183,0
DA:186,0
DA:187,0
DA:188,0
DA:189,0
DA:195,0
DA:196,0
DA:197,0
DA:199,0
DA:200,0
DA:202,0
DA:203,0
DA:204,0
DA:205,0
DA:206,0
DA:207,0
DA:208,0
DA:209,0
DA:210,0
DA:211,0
DA:216,0
DA:217,0
DA:218,0
DA:219,0
DA:220,0
DA:221,0
DA:226,0
DA:227,0
DA:228,0
DA:229,0
DA:230,0
DA:232,0
DA:233,0
DA:234,0
DA:236,0
DA:237,0
DA:238,0
DA:240,0
DA:241,0
DA:242,0
DA:247,0
DA:248,0
DA:249,0
DA:250,0
DA:251,0
DA:256,0
DA:257,0
DA:258,0
DA:259,0
DA:260,0
DA:263,0
DA:271,0
DA:272,0
DA:273,0
DA:275,0
DA:276,0
DA:278,0
DA:281,0
DA:282,0
DA:283,0
DA:284,0
DA:285,0
DA:289,0
DA:290,0
DA:291,0
DA:292,0
DA:293,0
DA:294,0
DA:298,0
DA:299,0
DA:300,0
DA:301,0
DA:302,0
DA:303,0
DA:304,0
DA:305,0
DA:306,0
DA:307,0
DA:309,0
DA:310,0
DA:317,0
DA:318,0
DA:319,0
DA:320,0
DA:323,0
DA:324,0
DA:326,0
DA:333,0
DA:342,0
DA:343,0
DA:345,0
DA:346,0
DA:347,0
DA:349,0
DA:357,0
DA:359,0
DA:360,0
DA:363,0
DA:364,0
DA:365,0
DA:366,0
DA:367,0
DA:368,0
DA:372,0
DA:373,0
DA:374,0
DA:375,0
DA:376,0
DA:377,0
DA:381,0
DA:382,0
DA:383,0
DA:385,0
DA:386,0
DA:387,0
DA:388,0
DA:389,0
DA:390,0
DA:403,0
DA:404,0
DA:407,0
DA:408,0
DA:409,0
DA:410,0
DA:414,0
DA:415,0
DA:416,0
DA:419,0
DA:421,0
DA:425,0
LF:223
LH:0
BRDA:28,0,0,0
BRDA:28,0,1,0
BRDA:31,1,0,0
BRDA:31,1,1,0
BRDA:31,2,0,0
BRDA:31,2,1,0
BRDA:32,3,0,0
BRDA:32,3,1,0
BRDA:32,4,0,0
BRDA:32,4,1,0
BRDA:32,5,0,0
BRDA:32,5,1,0
BRDA:34,6,0,0
BRDA:34,6,1,0
BRDA:34,7,0,0
BRDA:34,7,1,0
BRDA:36,8,0,0
BRDA:36,8,1,0
BRDA:36,9,0,0
BRDA:36,9,1,0
BRDA:41,10,0,0
BRDA:41,10,1,0
BRDA:51,11,0,0
BRDA:51,11,1,0
BRDA:52,12,0,0
BRDA:52,12,1,0
BRDA:53,13,0,0
BRDA:53,13,1,0
BRDA:56,14,0,0
BRDA:56,14,1,0
BRDA:58,15,0,0
BRDA:58,15,1,0
BRDA:59,16,0,0
BRDA:59,16,1,0
BRDA:61,17,0,0
BRDA:61,17,1,0
BRDA:63,18,0,0
BRDA:63,18,1,0
BRDA:63,19,0,0
BRDA:63,19,1,0
BRDA:66,20,0,0
BRDA:66,20,1,0
BRDA:67,21,0,0
BRDA:67,21,1,0
BRDA:68,22,0,0
BRDA:68,22,1,0
BRDA:80,23,0,0
BRDA:80,23,1,0
BRDA:80,24,0,0
BRDA:80,24,1,0
BRDA:82,25,0,0
BRDA:82,25,1,0
BRDA:87,26,0,0
BRDA:87,26,1,0
BRDA:87,27,0,0
BRDA:87,27,1,0
BRDA:87,27,2,0
BRDA:90,28,0,0
BRDA:90,28,1,0
BRDA:90,29,0,0
BRDA:90,29,1,0
BRDA:90,29,2,0
BRDA:91,30,0,0
BRDA:91,30,1,0
BRDA:95,31,0,0
BRDA:95,31,1,0
BRDA:95,32,0,0
BRDA:95,32,1,0
BRDA:95,32,2,0
BRDA:96,33,0,0
BRDA:96,33,1,0
BRDA:102,34,0,0
BRDA:102,34,1,0
BRDA:103,35,0,0
BRDA:103,35,1,0
BRDA:103,36,0,0
BRDA:103,36,1,0
BRDA:115,37,0,0
BRDA:115,37,1,0
BRDA:115,38,0,0
BRDA:115,38,1,0
BRDA:115,38,2,0
BRDA:120,39,0,0
BRDA:120,39,1,0
BRDA:120,40,0,0
BRDA:120,40,1,0
BRDA:122,41,0,0
BRDA:122,41,1,0
BRDA:123,42,0,0
BRDA:123,42,1,0
BRDA:128,43,0,0
BRDA:128,43,1,0
BRDA:132,44,0,0
BRDA:132,44,1,0
BRDA:132,45,0,0
BRDA:132,45,1,0
BRDA:133,46,0,0
BRDA:133,46,1,0
BRDA:134,47,0,0
BRDA:134,47,1,0
BRDA:134,47,2,0
BRDA:135,48,0,0
BRDA:135,48,1,0
BRDA:139,49,0,0
BRDA:139,49,1,0
BRDA:143,50,0,0
BRDA:143,50,1,0
BRDA:144,51,0,0
BRDA:144,51,1,0
BRDA:146,52,0,0
BRDA:146,52,1,0
BRDA:150,53,0,0
BRDA:150,53,1,0
BRDA:156,54,0,0
BRDA:156,54,1,0
BRDA:167,55,0,0
BRDA:167,55,1,0
BRDA:167,56,0,0
BRDA:167,56,1,0
BRDA:169,57,0,0
BRDA:169,57,1,0
BRDA:170,58,0,0
BRDA:170,58,1,0
BRDA:172,59,0,0
BRDA:172,59,1,0
BRDA:174,60,0,0
BRDA:174,60,1,0
BRDA:178,61,0,0
BRDA:178,61,1,0
BRDA:179,62,0,0
BRDA:179,62,1,0
BRDA:181,63,0,0
BRDA:181,63,1,0
BRDA:197,64,0,0
BRDA:197,64,1,0
BRDA:197,65,0,0
BRDA:197,65,1,0
BRDA:199,66,0,0
BRDA:199,66,1,0
BRDA:202,67,0,0
BRDA:202,67,1,0
BRDA:202,68,0,0
BRDA:202,68,1,0
BRDA:207,69,0,0
BRDA:207,69,1,0
BRDA:207,70,0,0
BRDA:207,70,1,0
BRDA:216,71,0,0
BRDA:216,71,1,0
BRDA:216,72,0,0
BRDA:216,72,1,0
BRDA:218,73,0,0
BRDA:218,73,1,0
BRDA:228,74,0,0
BRDA:228,74,1,0
BRDA:228,75,0,0
BRDA:228,75,1,0
BRDA:230,76,0,0
BRDA:230,76,1,0
BRDA:232,77,0,0
BRDA:232,77,1,0
BRDA:232,78,0,0
BRDA:232,78,1,0
BRDA:234,79,0,0
BRDA:234,79,1,0
BRDA:236,80,0,0
BRDA:236,80,1,0
BRDA:236,81,0,0
BRDA:236,81,1,0
BRDA:238,82,0,0
BRDA:238,82,1,0
BRDA:240,83,0,0
BRDA:240,83,1,0
BRDA:240,84,0,0
BRDA:240,84,1,0
BRDA:242,85,0,0
BRDA:242,85,1,0
BRDA:247,86,0,0
BRDA:247,86,1,0
BRDA:247,87,0,0
BRDA:247,87,1,0
BRDA:247,87,2,0
BRDA:249,88,0,0
BRDA:249,88,1,0
BRDA:258,89,0,0
BRDA:258,89,1,0
BRDA:259,90,0,0
BRDA:259,90,1,0
BRDA:272,91,0,0
BRDA:272,91,1,0
BRDA:272,92,0,0
BRDA:272,92,1,0
BRDA:273,93,0,0
BRDA:273,93,1,0
BRDA:275,94,0,0
BRDA:275,94,1,0
BRDA:276,95,0,0
BRDA:276,95,1,0
BRDA:278,96,0,0
BRDA:278,96,1,0
BRDA:281,97,0,0
BRDA:281,97,1,0
BRDA:289,98,0,0
BRDA:289,98,1,0
BRDA:289,99,0,0
BRDA:289,99,1,0
BRDA:289,99,2,0
BRDA:298,100,0,0
BRDA:298,100,1,0
BRDA:298,101,0,0
BRDA:298,101,1,0
BRDA:298,101,2,0
BRDA:299,102,0,0
BRDA:299,102,1,0
BRDA:302,103,0,0
BRDA:302,103,1,0
BRDA:303,104,0,0
BRDA:303,104,1,0
BRDA:303,105,0,0
BRDA:303,105,1,0
BRDA:304,106,0,0
BRDA:304,106,1,0
BRDA:317,107,0,0
BRDA:317,107,1,0
BRDA:317,108,0,0
BRDA:317,108,1,0
BRDA:317,108,2,0
BRDA:318,109,0,0
BRDA:318,109,1,0
BRDA:319,110,0,0
BRDA:319,110,1,0
BRDA:323,111,0,0
BRDA:323,111,1,0
BRDA:343,112,0,0
BRDA:343,112,1,0
BRDA:347,113,0,0
BRDA:347,113,1,0
BRDA:357,114,0,0
BRDA:357,114,1,0
BRDA:359,115,0,0
BRDA:359,115,1,0
BRDA:359,116,0,0
BRDA:359,116,1,0
BRDA:359,116,2,0
BRDA:363,117,0,0
BRDA:363,117,1,0
BRDA:364,118,0,0
BRDA:364,118,1,0
BRDA:368,119,0,0
BRDA:368,119,1,0
BRDA:372,120,0,0
BRDA:372,120,1,0
BRDA:372,121,0,0
BRDA:372,121,1,0
BRDA:373,122,0,0
BRDA:373,122,1,0
BRDA:377,123,0,0
BRDA:377,123,1,0
BRDA:381,124,0,0
BRDA:381,124,1,0
BRDA:382,125,0,0
BRDA:382,125,1,0
BRDA:382,126,0,0
BRDA:382,126,1,0
BRDA:382,126,2,0
BRDA:385,127,0,0
BRDA:385,127,1,0
BRDA:386,128,0,0
BRDA:386,128,1,0
BRDA:390,129,0,0
BRDA:390,129,1,0
BRDA:404,130,0,0
BRDA:404,130,1,0
BRDA:404,131,0,0
BRDA:404,131,1,0
BRDA:404,131,2,0
BRDA:407,132,0,0
BRDA:407,132,1,0
BRDA:407,133,0,0
BRDA:407,133,1,0
BRDA:407,133,2,0
BRDA:436,134,0,0
BRDA:436,134,1,0
BRF:283
BRH:0
end_of_record
TN:
SF:src\js\calc_integration.js
FN:13,(anonymous_0)
FN:18,(anonymous_1)
FN:52,getTypeEffectiveness
FN:71,getEffectivenessLabel
FN:81,calculateKOChance
FN:109,isStatusMove
FN:117,getStatusMoveEffects
FN:275,getSecondaryEffects
FN:330,calculateAllOutcomes
FN:444,calculateKeyOutcomes
FN:607,getStatusMoveLabel
FN:658,getAccuracy
FN:708,getCritChance
FN:761,getDamageRange
FN:800,simplifyOutcomes
FN:803,(anonymous_15)
FN:808,(anonymous_16)
FN:824,applyItemEffects
FN:878,applyOutcomeToState
FN:987,(anonymous_19)
FN:1016,convertStatusCode
FN:1031,snapshotToPokemon
FN:1082,(anonymous_22)
FN:1097,snapshotToField
FN:1115,createStateFromCalculator
FN:1160,formatProbability
FN:1171,formatDamagePercent
FN:1180,getSpriteUrl
FN:1200,getPokedexNumber
FNF:29
FNH:0
FNDA:0,(anonymous_0)
FNDA:0,(anonymous_1)
FNDA:0,getTypeEffectiveness
FNDA:0,getEffectivenessLabel
FNDA:0,calculateKOChance
FNDA:0,isStatusMove
FNDA:0,getStatusMoveEffects
FNDA:0,getSecondaryEffects
FNDA:0,calculateAllOutcomes
FNDA:0,calculateKeyOutcomes
FNDA:0,getStatusMoveLabel
FNDA:0,getAccuracy
FNDA:0,getCritChance
FNDA:0,getDamageRange
FNDA:0,simplifyOutcomes
FNDA:0,(anonymous_15)
FNDA:0,(anonymous_16)
FNDA:0,applyItemEffects
FNDA:0,applyOutcomeToState
FNDA:0,(anonymous_19)
FNDA:0,convertStatusCode
FNDA:0,snapshotToPokemon
FNDA:0,(anonymous_22)
FNDA:0,snapshotToField
FNDA:0,createStateFromCalculator
FNDA:0,formatProbability
FNDA:0,formatDamagePercent
FNDA:0,getSpriteUrl
FNDA:0,getPokedexNumber
DA:13,0
DA:17,0
DA:18,0
DA:19,0
DA:21,0
DA:24,0
DA:25,0
DA:28,0
DA:53,0
DA:55,0
DA:56,0
DA:58,0
DA:59,0
DA:60,0
DA:61,0
DA:65,0
DA:72,0
DA:73,0
DA:74,0
DA:75,0
DA:83,0
DA:84,0
DA:86,0
DA:87,0
DA:90,0
DA:91,0
DA:93,0
DA:94,0
DA:96,0
DA:97,0
DA:99,0
DA:100,0
DA:101,0
DA:103,0
DA:110,0
DA:111,0
DA:118,0
DA:130,0
DA:133,0
DA:151,0
DA:177,0
DA:199,0
DA:207,0
DA:214,0
DA:223,0
DA:238,0
DA:239,0
DA:242,0
DA:243,0
DA:246,0
DA:247,0
DA:250,0
DA:251,0
DA:254,0
DA:255,0
DA:258,0
DA:259,0
DA:262,0
DA:263,0
DA:264,0
DA:265,0
DA:269,0
DA:276,0
DA:278,0
DA:281,0
DA:319,0
DA:320,0
DA:321,0
DA:324,0
DA:331,0
DA:332,0
DA:334,0
DA:336,0
DA:337,0
DA:340,0
DA:341,0
DA:343,0
DA:344,0
DA:345,0
DA:349,0
DA:350,0
DA:359,0
DA:360,0
DA:361,0
DA:362,0
DA:365,0
DA:366,0
DA:370,0
DA:371,0
DA:372,0
DA:373,0
DA:375,0
DA:382,0
DA:389,0
DA:396,0
DA:401,0
DA:402,0
DA:403,0
DA:404,0
DA:405,0
DA:406,0
DA:408,0
DA:409,0
DA:411,0
DA:418,0
DA:425,0
DA:432,0
DA:436,0
DA:438,0
DA:445,0
DA:446,0
DA:448,0
DA:450,0
DA:451,0
DA:454,0
DA:455,0
DA:457,0
DA:458,0
DA:459,0
DA:463,0
DA:464,0
DA:475,0
DA:476,0
DA:477,0
DA:479,0
DA:480,0
DA:490,0
DA:500,0
DA:504,0
DA:505,0
DA:506,0
DA:507,0
DA:509,0
DA:510,0
DA:511,0
DA:512,0
DA:515,0
DA:518,0
DA:519,0
DA:530,0
DA:531,0
DA:532,0
DA:533,0
DA:536,0
DA:538,0
DA:540,0
DA:542,0
DA:560,0
DA:565,0
DA:566,0
DA:567,0
DA:568,0
DA:569,0
DA:570,0
DA:572,0
DA:573,0
DA:576,0
DA:578,0
DA:580,0
DA:582,0
DA:600,0
DA:604,0
DA:608,0
DA:610,0
DA:611,0
DA:619,0
DA:622,0
DA:623,0
DA:624,0
DA:625,0
DA:626,0
DA:627,0
DA:629,0
DA:632,0
DA:633,0
DA:636,0
DA:637,0
DA:640,0
DA:641,0
DA:644,0
DA:645,0
DA:648,0
DA:649,0
DA:652,0
DA:659,0
DA:661,0
DA:663,0
DA:665,0
DA:666,0
DA:668,0
DA:669,0
DA:671,0
DA:672,0
DA:674,0
DA:675,0
DA:678,0
DA:679,0
DA:680,0
DA:683,0
DA:684,0
DA:686,0
DA:687,0
DA:688,0
DA:690,0
DA:691,0
DA:694,0
DA:695,0
DA:698,0
DA:699,0
DA:702,0
DA:709,0
DA:711,0
DA:713,0
DA:714,0
DA:716,0
DA:717,0
DA:718,0
DA:721,0
DA:723,0
DA:729,0
DA:731,0
DA:732,0
DA:733,0
DA:735,0
DA:736,0
DA:737,0
DA:738,0
DA:740,0
DA:742,0
DA:743,0
DA:744,0
DA:745,0
DA:746,0
DA:749,0
DA:750,0
DA:751,0
DA:753,0
DA:754,0
DA:762,0
DA:764,0
DA:765,0
DA:767,0
DA:768,0
DA:769,0
DA:770,0
DA:772,0
DA:773,0
DA:774,0
DA:775,0
DA:776,0
DA:777,0
DA:779,0
DA:780,0
DA:781,0
DA:782,0
DA:783,0
DA:785,0
DA:790,0
DA:791,0
DA:794,0
DA:801,0
DA:803,0
DA:804,0
DA:807,0
DA:808,0
DA:809,0
DA:810,0
DA:814,0
DA:815,0
DA:818,0
DA:825,0
DA:827,0
DA:829,0
DA:830,0
DA:831,0
DA:832,0
DA:833,0
DA:836,0
DA:837,0
DA:838,0
DA:839,0
DA:843,0
DA:844,0
DA:845,0
DA:846,0
DA:850,0
DA:851,0
DA:852,0
DA:853,0
DA:857,0
DA:859,0
DA:863,0
DA:864,0
DA:868,0
DA:869,0
DA:872,0
DA:879,0
DA:880,0
DA:882,0
DA:883,0
DA:885,0
DA:888,0
DA:889,0
DA:893,0
DA:894,0
DA:898,0
DA:899,0
DA:903,0
DA:904,0
DA:905,0
DA:906,0
DA:912,0
DA:913,0
DA:914,0
DA:915,0
DA:921,0
DA:922,0
DA:923,0
DA:924,0
DA:925,0
DA:926,0
DA:927,0
DA:928,0
DA:929,0
DA:930,0
DA:935,0
DA:936,0
DA:937,0
DA:938,0
DA:939,0
DA:940,0
DA:941,0
DA:942,0
DA:943,0
DA:944,0
DA:945,0
DA:950,0
DA:951,0
DA:952,0
DA:956,0
DA:957,0
DA:960,0
DA:963,0
DA:967,0
DA:968,0
DA:970,0
DA:972,0
DA:975,0
DA:976,0
DA:980,0
DA:981,0
DA:986,0
DA:987,0
DA:990,0
DA:991,0
DA:993,0
DA:994,0
DA:995,0
DA:998,0
DA:999,0
DA:1000,0
DA:1007,0
DA:1008,0
DA:1009,0
DA:1010,0
DA:1013,0
DA:1017,0
DA:1025,0
DA:1032,0
DA:1033,0
DA:1037,0
DA:1038,0
DA:1042,0
DA:1043,0
DA:1044,0
DA:1046,0
DA:1047,0
DA:1049,0
DA:1050,0
DA:1052,0
DA:1053,0
DA:1055,0
DA:1057,0
DA:1061,0
DA:1062,0
DA:1065,0
DA:1066,0
DA:1067,0
DA:1068,0
DA:1070,0
DA:1081,0
DA:1082,0
DA:1083,0
DA:1087,0
DA:1089,0
DA:1090,0
DA:1098,0
DA:1099,0
DA:1100,0
DA:1102,0
DA:1103,0
DA:1104,0
DA:1105,0
DA:1106,0
DA:1107,0
DA:1109,0
DA:1116,0
DA:1118,0
DA:1119,0
DA:1120,0
DA:1121,0
DA:1123,0
DA:1124,0
DA:1125,0
DA:1126,0
DA:1129,0
DA:1130,0
DA:1131,0
DA:1132,0
DA:1133,0
DA:1135,0
DA:1136,0
DA:1137,0
DA:1138,0
DA:1139,0
DA:1140,0
DA:1141,0
DA:1144,0
DA:1145,0
DA:1146,0
DA:1147,0
DA:1148,0
DA:1149,0
DA:1150,0
DA:1154,0
DA:1161,0
DA:1162,0
DA:1163,0
DA:1164,0
DA:1165,0
DA:1172,0
DA:1173,0
DA:1174,0
DA:1181,0
DA:1184,0
DA:1190,0
DA:1196,0
DA:1201,0
DA:1211,0
DA:1212,0
DA:1216,0
LF:451
LH:0
BRDA:17,0,0,0
BRDA:17,0,1,0
BRDA:19,1,0,0
BRDA:19,1,1,0
BRDA:53,2,0,0
BRDA:53,2,1,0
BRDA:53,3,0,0
BRDA:53,3,1,0
BRDA:53,3,2,0
BRDA:56,4,0,0
BRDA:56,4,1,0
BRDA:60,5,0,0
BRDA:60,5,1,0
BRDA:72,6,0,0
BRDA:72,6,1,0
BRDA:73,7,0,0
BRDA:73,7,1,0
BRDA:74,8,0,0
BRDA:74,8,1,0
BRDA:83,9,0,0
BRDA:83,9,1,0
BRDA:83,10,0,0
BRDA:83,10,1,0
BRDA:83,10,2,0
BRDA:86,11,0,0
BRDA:86,11,1,0
BRDA:86,12,0,0
BRDA:86,12,1,0
BRDA:90,13,0,0
BRDA:90,13,1,0
BRDA:93,14,0,0
BRDA:93,14,1,0
BRDA:96,15,0,0
BRDA:96,15,1,0
BRDA:100,16,0,0
BRDA:100,16,1,0
BRDA:100,17,0,0
BRDA:100,17,1,0
BRDA:110,18,0,0
BRDA:110,18,1,0
BRDA:130,19,0,0
BRDA:130,19,1,0
BRDA:238,20,0,0
BRDA:238,20,1,0
BRDA:242,21,0,0
BRDA:242,21,1,0
BRDA:246,22,0,0
BRDA:246,22,1,0
BRDA:250,23,0,0
BRDA:250,23,1,0
BRDA:254,24,0,0
BRDA:254,24,1,0
BRDA:258,25,0,0
BRDA:258,25,1,0
BRDA:262,26,0,0
BRDA:262,26,1,0
BRDA:264,27,0,0
BRDA:264,27,1,0
BRDA:278,28,0,0
BRDA:278,28,1,0
BRDA:319,29,0,0
BRDA:319,29,1,0
BRDA:320,30,0,0
BRDA:320,30,1,0
BRDA:331,31,0,0
BRDA:331,31,1,0
BRDA:331,31,2,0
BRDA:331,32,0,0
BRDA:331,32,1,0
BRDA:331,33,0,0
BRDA:331,33,1,0
BRDA:332,34,0,0
BRDA:332,34,1,0
BRDA:332,35,0,0
BRDA:332,35,1,0
BRDA:336,36,0,0
BRDA:336,36,1,0
BRDA:336,37,0,0
BRDA:336,37,1,0
BRDA:336,37,2,0
BRDA:336,37,3,0
BRDA:340,38,0,0
BRDA:340,38,1,0
BRDA:344,39,0,0
BRDA:344,39,1,0
BRDA:344,40,0,0
BRDA:344,40,1,0
BRDA:349,41,0,0
BRDA:349,41,1,0
BRDA:360,42,0,0
BRDA:360,42,1,0
BRDA:365,43,0,0
BRDA:365,43,1,0
BRDA:370,44,0,0
BRDA:370,44,1,0
BRDA:370,45,0,0
BRDA:370,45,1,0
BRDA:401,46,0,0
BRDA:401,46,1,0
BRDA:401,47,0,0
BRDA:401,47,1,0
BRDA:404,48,0,0
BRDA:404,48,1,0
BRDA:445,49,0,0
BRDA:445,49,1,0
BRDA:445,49,2,0
BRDA:445,50,0,0
BRDA:445,50,1,0
BRDA:445,51,0,0
BRDA:445,51,1,0
BRDA:446,52,0,0
BRDA:446,52,1,0
BRDA:446,53,0,0
BRDA:446,53,1,0
BRDA:450,54,0,0
BRDA:450,54,1,0
BRDA:450,55,0,0
BRDA:450,55,1,0
BRDA:450,55,2,0
BRDA:450,55,3,0
BRDA:454,56,0,0
BRDA:454,56,1,0
BRDA:458,57,0,0
BRDA:458,57,1,0
BRDA:458,58,0,0
BRDA:458,58,1,0
BRDA:463,59,0,0
BRDA:463,59,1,0
BRDA:475,60,0,0
BRDA:475,60,1,0
BRDA:479,61,0,0
BRDA:479,61,1,0
BRDA:504,62,0,0
BRDA:504,62,1,0
BRDA:504,62,2,0
BRDA:504,62,3,0
BRDA:505,63,0,0
BRDA:505,63,1,0
BRDA:510,64,0,0
BRDA:510,64,1,0
BRDA:518,65,0,0
BRDA:518,65,1,0
BRDA:530,66,0,0
BRDA:530,66,1,0
BRDA:530,67,0,0
BRDA:530,67,1,0
BRDA:536,68,0,0
BRDA:536,68,1,0
BRDA:537,69,0,0
BRDA:537,69,1,0
BRDA:537,69,2,0
BRDA:537,69,3,0
BRDA:538,70,0,0
BRDA:538,70,1,0
BRDA:539,71,0,0
BRDA:539,71,1,0
BRDA:539,71,2,0
BRDA:539,71,3,0
BRDA:548,72,0,0
BRDA:548,72,1,0
BRDA:549,73,0,0
BRDA:549,73,1,0
BRDA:565,74,0,0
BRDA:565,74,1,0
BRDA:565,75,0,0
BRDA:565,75,1,0
BRDA:568,76,0,0
BRDA:568,76,1,0
BRDA:576,77,0,0
BRDA:576,77,1,0
BRDA:577,78,0,0
BRDA:577,78,1,0
BRDA:577,78,2,0
BRDA:577,78,3,0
BRDA:578,79,0,0
BRDA:578,79,1,0
BRDA:579,80,0,0
BRDA:579,80,1,0
BRDA:579,80,2,0
BRDA:579,80,3,0
BRDA:588,81,0,0
BRDA:588,81,1,0
BRDA:589,82,0,0
BRDA:589,82,1,0
BRDA:610,83,0,0
BRDA:610,83,1,0
BRDA:619,84,0,0
BRDA:619,84,1,0
BRDA:622,85,0,0
BRDA:622,85,1,0
BRDA:627,86,0,0
BRDA:627,86,1,0
BRDA:627,87,0,0
BRDA:627,87,1,0
BRDA:632,88,0,0
BRDA:632,88,1,0
BRDA:636,89,0,0
BRDA:636,89,1,0
BRDA:640,90,0,0
BRDA:640,90,1,0
BRDA:644,91,0,0
BRDA:644,91,1,0
BRDA:648,92,0,0
BRDA:648,92,1,0
BRDA:652,93,0,0
BRDA:652,93,1,0
BRDA:659,94,0,0
BRDA:659,94,1,0
BRDA:661,95,0,0
BRDA:661,95,1,0
BRDA:661,96,0,0
BRDA:661,96,1,0
BRDA:663,97,0,0
BRDA:663,97,1,0
BRDA:665,98,0,0
BRDA:665,98,1,0
BRDA:665,99,0,0
BRDA:665,99,1,0
BRDA:666,100,0,0
BRDA:666,100,1,0
BRDA:666,101,0,0
BRDA:666,101,1,0
BRDA:668,102,0,0
BRDA:668,102,1,0
BRDA:668,103,0,0
BRDA:668,103,1,0
BRDA:671,104,0,0
BRDA:671,104,1,0
BRDA:674,105,0,0
BRDA:674,105,1,0
BRDA:674,106,0,0
BRDA:674,106,1,0
BRDA:678,107,0,0
BRDA:678,107,1,0
BRDA:678,108,0,0
BRDA:678,108,1,0
BRDA:679,109,0,0
BRDA:679,109,1,0
BRDA:683,110,0,0
BRDA:683,110,1,0
BRDA:683,111,0,0
BRDA:683,111,1,0
BRDA:684,112,0,0
BRDA:684,112,1,0
BRDA:686,113,0,0
BRDA:686,113,1,0
BRDA:686,114,0,0
BRDA:686,114,1,0
BRDA:687,115,0,0
BRDA:687,115,1,0
BRDA:687,116,0,0
BRDA:687,116,1,0
BRDA:690,117,0,0
BRDA:690,117,1,0
BRDA:690,118,0,0
BRDA:690,118,1,0
BRDA:694,119,0,0
BRDA:694,119,1,0
BRDA:694,120,0,0
BRDA:694,120,1,0
BRDA:694,120,2,0
BRDA:698,121,0,0
BRDA:698,121,1,0
BRDA:698,122,0,0
BRDA:698,122,1,0
BRDA:709,123,0,0
BRDA:709,123,1,0
BRDA:711,124,0,0
BRDA:711,124,1,0
BRDA:714,125,0,0
BRDA:714,125,1,0
BRDA:716,126,0,0
BRDA:716,126,1,0
BRDA:716,127,0,0
BRDA:716,127,1,0
BRDA:717,128,0,0
BRDA:717,128,1,0
BRDA:717,129,0,0
BRDA:717,129,1,0
BRDA:729,130,0,0
BRDA:729,130,1,0
BRDA:731,131,0,0
BRDA:731,131,1,0
BRDA:731,132,0,0
BRDA:731,132,1,0
BRDA:732,133,0,0
BRDA:732,133,1,0
BRDA:732,134,0,0
BRDA:732,134,1,0
BRDA:733,135,0,0
BRDA:733,135,1,0
BRDA:733,136,0,0
BRDA:733,136,1,0
BRDA:735,137,0,0
BRDA:735,137,1,0
BRDA:735,138,0,0
BRDA:735,138,1,0
BRDA:736,139,0,0
BRDA:736,139,1,0
BRDA:736,140,0,0
BRDA:736,140,1,0
BRDA:736,140,2,0
BRDA:737,141,0,0
BRDA:737,141,1,0
BRDA:737,142,0,0
BRDA:737,142,1,0
BRDA:738,143,0,0
BRDA:738,143,1,0
BRDA:738,144,0,0
BRDA:738,144,1,0
BRDA:740,145,0,0
BRDA:740,145,1,0
BRDA:743,146,0,0
BRDA:743,146,1,0
BRDA:743,147,0,0
BRDA:743,147,1,0
BRDA:745,148,0,0
BRDA:745,148,1,0
BRDA:749,149,0,0
BRDA:749,149,1,0
BRDA:762,150,0,0
BRDA:762,150,1,0
BRDA:767,151,0,0
BRDA:767,151,1,0
BRDA:769,152,0,0
BRDA:769,152,1,0
BRDA:770,153,0,0
BRDA:770,153,1,0
BRDA:770,154,0,0
BRDA:770,154,1,0
BRDA:774,155,0,0
BRDA:774,155,1,0
BRDA:774,156,0,0
BRDA:774,156,1,0
BRDA:775,157,0,0
BRDA:775,157,1,0
BRDA:775,158,0,0
BRDA:775,158,1,0
BRDA:777,159,0,0
BRDA:777,159,1,0
BRDA:783,160,0,0
BRDA:783,160,1,0
BRDA:790,161,0,0
BRDA:790,161,1,0
BRDA:790,162,0,0
BRDA:790,162,1,0
BRDA:790,162,2,0
BRDA:801,163,0,0
BRDA:801,163,1,0
BRDA:809,164,0,0
BRDA:809,164,1,0
BRDA:814,165,0,0
BRDA:814,165,1,0
BRDA:814,166,0,0
BRDA:814,166,1,0
BRDA:827,167,0,0
BRDA:827,167,1,0
BRDA:827,168,0,0
BRDA:827,168,1,0
BRDA:836,169,0,0
BRDA:836,169,1,0
BRDA:836,170,0,0
BRDA:836,170,1,0
BRDA:836,170,2,0
BRDA:843,171,0,0
BRDA:843,171,1,0
BRDA:843,172,0,0
BRDA:843,172,1,0
BRDA:843,172,2,0
BRDA:850,173,0,0
BRDA:850,173,1,0
BRDA:850,174,0,0
BRDA:850,174,1,0
BRDA:850,174,2,0
BRDA:857,175,0,0
BRDA:857,175,1,0
BRDA:857,176,0,0
BRDA:857,176,1,0
BRDA:863,177,0,0
BRDA:863,177,1,0
BRDA:868,178,0,0
BRDA:868,178,1,0
BRDA:868,179,0,0
BRDA:868,179,1,0
BRDA:868,179,2,0
BRDA:882,180,0,0
BRDA:882,180,1,0
BRDA:883,181,0,0
BRDA:883,181,1,0
BRDA:885,182,0,0
BRDA:885,182,1,0
BRDA:885,183,0,0
BRDA:885,183,1,0
BRDA:888,184,0,0
BRDA:888,184,1,0
BRDA:888,185,0,0
BRDA:888,185,1,0
BRDA:893,186,0,0
BRDA:893,186,1,0
BRDA:893,187,0,0
BRDA:893,187,1,0
BRDA:893,187,2,0
BRDA:898,188,0,0
BRDA:898,188,1,0
BRDA:903,189,0,0
BRDA:903,189,1,0
BRDA:905,190,0,0
BRDA:905,190,1,0
BRDA:905,191,0,0
BRDA:905,191,1,0
BRDA:912,192,0,0
BRDA:912,192,1,0
BRDA:914,193,0,0
BRDA:914,193,1,0
BRDA:914,194,0,0
BRDA:914,194,1,0
BRDA:921,195,0,0
BRDA:921,195,1,0
BRDA:922,196,0,0
BRDA:922,196,1,0
BRDA:923,197,0,0
BRDA:923,197,1,0
BRDA:925,198,0,0
BRDA:925,198,1,0
BRDA:927,199,0,0
BRDA:927,199,1,0
BRDA:929,200,0,0
BRDA:929,200,1,0
BRDA:935,201,0,0
BRDA:935,201,1,0
BRDA:937,202,0,0
BRDA:937,202,1,0
BRDA:940,203,0,0
BRDA:940,203,1,0
BRDA:943,204,0,0
BRDA:943,204,1,0
BRDA:950,205,0,0
BRDA:950,205,1,0
BRDA:952,206,0,0
BRDA:952,206,1,0
BRDA:956,207,0,0
BRDA:956,207,1,0
BRDA:957,208,0,0
BRDA:957,208,1,0
BRDA:967,209,0,0
BRDA:967,209,1,0
BRDA:967,209,2,0
BRDA:968,210,0,0
BRDA:968,210,1,0
BRDA:975,211,0,0
BRDA:975,211,1,0
BRDA:980,212,0,0
BRDA:980,212,1,0
BRDA:986,213,0,0
BRDA:986,213,1,0
BRDA:986,214,0,0
BRDA:986,214,1,0
BRDA:990,215,0,0
BRDA:990,215,1,0
BRDA:990,216,0,0
BRDA:990,216,1,0
BRDA:990,216,2,0
BRDA:993,217,0,0
BRDA:993,217,1,0
BRDA:998,218,0,0
BRDA:998,218,1,0
BRDA:1007,219,0,0
BRDA:1007,219,1,0
BRDA:1007,220,0,0
BRDA:1007,220,1,0
BRDA:1009,221,0,0
BRDA:1009,221,1,0
BRDA:1009,222,0,0
BRDA:1009,222,1,0
BRDA:1025,223,0,0
BRDA:1025,223,1,0
BRDA:1032,224,0,0
BRDA:1032,224,1,0
BRDA:1037,225,0,0
BRDA:1037,225,1,0
BRDA:1037,226,0,0
BRDA:1037,226,1,0
BRDA:1038,227,0,0
BRDA:1038,227,1,0
BRDA:1042,228,0,0
BRDA:1042,228,1,0
BRDA:1042,229,0,0
BRDA:1042,229,1,0
BRDA:1046,230,0,0
BRDA:1046,230,1,0
BRDA:1049,231,0,0
BRDA:1049,231,1,0
BRDA:1050,232,0,0
BRDA:1050,232,1,0
BRDA:1052,233,0,0
BRDA:1052,233,1,0
BRDA:1061,234,0,0
BRDA:1061,234,1,0
BRDA:1061,235,0,0
BRDA:1061,235,1,0
BRDA:1067,236,0,0
BRDA:1067,236,1,0
BRDA:1067,237,0,0
BRDA:1067,237,1,0
BRDA:1068,238,0,0
BRDA:1068,238,1,0
BRDA:1071,239,0,0
BRDA:1071,239,1,0
BRDA:1072,240,0,0
BRDA:1072,240,1,0
BRDA:1073,241,0,0
BRDA:1073,241,1,0
BRDA:1074,242,0,0
BRDA:1074,242,1,0
BRDA:1075,243,0,0
BRDA:1075,243,1,0
BRDA:1076,244,0,0
BRDA:1076,244,1,0
BRDA:1077,245,0,0
BRDA:1077,245,1,0
BRDA:1081,246,0,0
BRDA:1081,246,1,0
BRDA:1081,247,0,0
BRDA:1081,247,1,0
BRDA:1098,248,0,0
BRDA:1098,248,1,0
BRDA:1100,249,0,0
BRDA:1100,249,1,0
BRDA:1102,250,0,0
BRDA:1102,250,1,0
BRDA:1102,251,0,0
BRDA:1102,251,1,0
BRDA:1103,252,0,0
BRDA:1103,252,1,0
BRDA:1103,253,0,0
BRDA:1103,253,1,0
BRDA:1118,254,0,0
BRDA:1118,254,1,0
BRDA:1123,255,0,0
BRDA:1123,255,1,0
BRDA:1129,256,0,0
BRDA:1129,256,1,0
BRDA:1130,257,0,0
BRDA:1130,257,1,0
BRDA:1131,258,0,0
BRDA:1131,258,1,0
BRDA:1135,259,0,0
BRDA:1135,259,1,0
BRDA:1137,260,0,0
BRDA:1137,260,1,0
BRDA:1144,261,0,0
BRDA:1144,261,1,0
BRDA:1146,262,0,0
BRDA:1146,262,1,0
BRDA:1162,263,0,0
BRDA:1162,263,1,0
BRDA:1163,264,0,0
BRDA:1163,264,1,0
BRDA:1164,265,0,0
BRDA:1164,265,1,0
BRDA:1172,266,0,0
BRDA:1172,266,1,0
BRDA:1172,267,0,0
BRDA:1172,267,1,0
BRDA:1181,268,0,0
BRDA:1181,268,1,0
BRDA:1212,269,0,0
BRDA:1212,269,1,0
BRF:568
BRH:0
end_of_record
